{"/Users/zphrs/Documents/programming/plexigraph/tauri-sandbox/tauri-app/frame-glue/src/SetupCrossthreadedPorts.ts": {"path":"/Users/zphrs/Documents/programming/plexigraph/tauri-sandbox/tauri-app/frame-glue/src/SetupCrossthreadedPorts.ts","all":false,"statementMap":{"0":{"start":{"line":1,"column":0},"end":{"line":1,"column":58}},"1":{"start":{"line":3,"column":0},"end":{"line":3,"column":53}},"2":{"start":{"line":4,"column":0},"end":{"line":4,"column":72}},"3":{"start":{"line":6,"column":0},"end":{"line":6,"column":31}},"4":{"start":{"line":7,"column":0},"end":{"line":7,"column":75}},"5":{"start":{"line":8,"column":0},"end":{"line":8,"column":49}},"6":{"start":{"line":9,"column":0},"end":{"line":9,"column":18}},"7":{"start":{"line":10,"column":0},"end":{"line":10,"column":9}},"8":{"start":{"line":12,"column":0},"end":{"line":12,"column":54}},"9":{"start":{"line":13,"column":0},"end":{"line":13,"column":61}},"10":{"start":{"line":14,"column":0},"end":{"line":14,"column":27}},"11":{"start":{"line":15,"column":0},"end":{"line":15,"column":9}},"12":{"start":{"line":16,"column":0},"end":{"line":16,"column":28}},"13":{"start":{"line":17,"column":0},"end":{"line":17,"column":32}},"14":{"start":{"line":18,"column":0},"end":{"line":18,"column":49}},"15":{"start":{"line":19,"column":0},"end":{"line":19,"column":35}},"16":{"start":{"line":20,"column":0},"end":{"line":20,"column":6}},"17":{"start":{"line":21,"column":0},"end":{"line":21,"column":1}},"18":{"start":{"line":22,"column":0},"end":{"line":22,"column":14}},"19":{"start":{"line":24,"column":0},"end":{"line":24,"column":78}},"20":{"start":{"line":25,"column":0},"end":{"line":25,"column":34}},"21":{"start":{"line":26,"column":0},"end":{"line":26,"column":38}},"22":{"start":{"line":27,"column":0},"end":{"line":27,"column":5}},"23":{"start":{"line":28,"column":0},"end":{"line":28,"column":33}},"24":{"start":{"line":29,"column":0},"end":{"line":29,"column":51}},"25":{"start":{"line":30,"column":0},"end":{"line":30,"column":39}},"26":{"start":{"line":31,"column":0},"end":{"line":31,"column":9}},"27":{"start":{"line":32,"column":0},"end":{"line":32,"column":40}},"28":{"start":{"line":33,"column":0},"end":{"line":33,"column":6}},"29":{"start":{"line":34,"column":0},"end":{"line":34,"column":1}},"30":{"start":{"line":36,"column":0},"end":{"line":36,"column":38}},"31":{"start":{"line":37,"column":0},"end":{"line":37,"column":21}},"32":{"start":{"line":38,"column":0},"end":{"line":38,"column":19}},"33":{"start":{"line":39,"column":0},"end":{"line":39,"column":25}},"34":{"start":{"line":40,"column":0},"end":{"line":40,"column":38}},"35":{"start":{"line":41,"column":0},"end":{"line":41,"column":23}},"36":{"start":{"line":42,"column":0},"end":{"line":42,"column":9}},"37":{"start":{"line":43,"column":0},"end":{"line":43,"column":32}},"38":{"start":{"line":44,"column":0},"end":{"line":44,"column":21}},"39":{"start":{"line":45,"column":0},"end":{"line":45,"column":31}},"40":{"start":{"line":46,"column":0},"end":{"line":46,"column":14}},"41":{"start":{"line":47,"column":0},"end":{"line":47,"column":35}},"42":{"start":{"line":48,"column":0},"end":{"line":48,"column":12}},"43":{"start":{"line":49,"column":0},"end":{"line":49,"column":22}},"44":{"start":{"line":50,"column":0},"end":{"line":50,"column":5}},"45":{"start":{"line":52,"column":0},"end":{"line":52,"column":33}},"46":{"start":{"line":53,"column":0},"end":{"line":53,"column":55}},"47":{"start":{"line":54,"column":0},"end":{"line":54,"column":37}},"48":{"start":{"line":55,"column":0},"end":{"line":55,"column":22}},"49":{"start":{"line":56,"column":0},"end":{"line":56,"column":20}},"50":{"start":{"line":57,"column":0},"end":{"line":57,"column":53}},"51":{"start":{"line":58,"column":0},"end":{"line":58,"column":36}},"52":{"start":{"line":59,"column":0},"end":{"line":59,"column":48}},"53":{"start":{"line":60,"column":0},"end":{"line":60,"column":27}},"54":{"start":{"line":61,"column":0},"end":{"line":61,"column":17}},"55":{"start":{"line":62,"column":0},"end":{"line":62,"column":14}},"56":{"start":{"line":63,"column":0},"end":{"line":63,"column":23}},"57":{"start":{"line":64,"column":0},"end":{"line":64,"column":9}},"58":{"start":{"line":65,"column":0},"end":{"line":65,"column":6}},"59":{"start":{"line":66,"column":0},"end":{"line":66,"column":1}}},"s":{"0":2,"1":2,"2":2,"3":155,"4":155,"5":27,"6":27,"7":27,"8":0,"9":0,"10":0,"11":0,"12":0,"13":0,"14":0,"15":0,"16":155,"17":155,"18":2,"19":0,"20":0,"21":0,"22":0,"23":0,"24":0,"25":0,"26":0,"27":0,"28":0,"29":0,"30":0,"31":0,"32":0,"33":0,"34":0,"35":0,"36":0,"37":0,"38":0,"39":0,"40":0,"41":0,"42":0,"43":0,"44":0,"45":0,"46":0,"47":0,"48":0,"49":0,"50":0,"51":0,"52":0,"53":0,"54":0,"55":0,"56":0,"57":0,"58":0,"59":0},"branchMap":{"0":{"type":"branch","line":6,"loc":{"start":{"line":6,"column":0},"end":{"line":21,"column":1}},"locations":[{"start":{"line":6,"column":0},"end":{"line":21,"column":1}}]},"1":{"type":"branch","line":7,"loc":{"start":{"line":7,"column":37},"end":{"line":20,"column":5}},"locations":[{"start":{"line":7,"column":37},"end":{"line":20,"column":5}}]},"2":{"type":"branch","line":8,"loc":{"start":{"line":8,"column":14},"end":{"line":8,"column":28}},"locations":[{"start":{"line":8,"column":14},"end":{"line":8,"column":28}}]},"3":{"type":"branch","line":8,"loc":{"start":{"line":8,"column":20},"end":{"line":8,"column":37}},"locations":[{"start":{"line":8,"column":20},"end":{"line":8,"column":37}}]},"4":{"type":"branch","line":10,"loc":{"start":{"line":10,"column":8},"end":{"line":19,"column":35}},"locations":[{"start":{"line":10,"column":8},"end":{"line":19,"column":35}}]}},"b":{"0":[155],"1":[31],"2":[28],"3":[4],"4":[4]},"fnMap":{"0":{"name":"receivePorts","decl":{"start":{"line":6,"column":0},"end":{"line":21,"column":1}},"loc":{"start":{"line":6,"column":0},"end":{"line":21,"column":1}},"line":6},"1":{"name":"getMessagePort","decl":{"start":{"line":24,"column":0},"end":{"line":34,"column":1}},"loc":{"start":{"line":24,"column":0},"end":{"line":34,"column":1}},"line":24},"2":{"name":"postMessagePort","decl":{"start":{"line":36,"column":0},"end":{"line":66,"column":1}},"loc":{"start":{"line":36,"column":0},"end":{"line":66,"column":1}},"line":36}},"f":{"0":155,"1":0,"2":0}}
,"/Users/zphrs/Documents/programming/plexigraph/tauri-sandbox/tauri-app/frame-glue/src/domReplacement.ts": {"path":"/Users/zphrs/Documents/programming/plexigraph/tauri-sandbox/tauri-app/frame-glue/src/domReplacement.ts","all":true,"statementMap":{"0":{"start":{"line":1,"column":0},"end":{"line":1,"column":34}},"1":{"start":{"line":2,"column":0},"end":{"line":2,"column":23}},"2":{"start":{"line":3,"column":0},"end":{"line":3,"column":48}},"3":{"start":{"line":4,"column":0},"end":{"line":4,"column":51}},"4":{"start":{"line":5,"column":0},"end":{"line":5,"column":32}},"5":{"start":{"line":6,"column":0},"end":{"line":6,"column":40}},"6":{"start":{"line":7,"column":0},"end":{"line":7,"column":63}},"7":{"start":{"line":8,"column":0},"end":{"line":8,"column":63}},"8":{"start":{"line":9,"column":0},"end":{"line":9,"column":41}},"9":{"start":{"line":10,"column":0},"end":{"line":10,"column":63}},"11":{"start":{"line":12,"column":0},"end":{"line":12,"column":58}},"12":{"start":{"line":13,"column":0},"end":{"line":13,"column":40}},"13":{"start":{"line":14,"column":0},"end":{"line":14,"column":43}},"14":{"start":{"line":15,"column":0},"end":{"line":15,"column":45}},"15":{"start":{"line":16,"column":0},"end":{"line":16,"column":21}},"16":{"start":{"line":17,"column":0},"end":{"line":17,"column":17}},"17":{"start":{"line":18,"column":0},"end":{"line":18,"column":49}},"18":{"start":{"line":19,"column":0},"end":{"line":19,"column":40}},"19":{"start":{"line":20,"column":0},"end":{"line":20,"column":13}},"20":{"start":{"line":21,"column":0},"end":{"line":21,"column":9}},"21":{"start":{"line":22,"column":0},"end":{"line":22,"column":34}},"22":{"start":{"line":23,"column":0},"end":{"line":23,"column":6}},"23":{"start":{"line":24,"column":0},"end":{"line":24,"column":1}},"25":{"start":{"line":26,"column":0},"end":{"line":26,"column":55}},"26":{"start":{"line":27,"column":0},"end":{"line":27,"column":33}},"27":{"start":{"line":28,"column":0},"end":{"line":28,"column":26}},"28":{"start":{"line":29,"column":0},"end":{"line":29,"column":17}},"29":{"start":{"line":30,"column":0},"end":{"line":30,"column":20}},"30":{"start":{"line":31,"column":0},"end":{"line":31,"column":6}},"31":{"start":{"line":32,"column":0},"end":{"line":32,"column":1}},"33":{"start":{"line":34,"column":0},"end":{"line":34,"column":48}},"34":{"start":{"line":35,"column":0},"end":{"line":35,"column":30}},"35":{"start":{"line":36,"column":0},"end":{"line":36,"column":38}},"36":{"start":{"line":37,"column":0},"end":{"line":37,"column":66}},"37":{"start":{"line":38,"column":0},"end":{"line":38,"column":55}},"38":{"start":{"line":39,"column":0},"end":{"line":39,"column":48}},"39":{"start":{"line":40,"column":0},"end":{"line":40,"column":17}},"40":{"start":{"line":41,"column":0},"end":{"line":41,"column":10}},"41":{"start":{"line":42,"column":0},"end":{"line":42,"column":20}},"42":{"start":{"line":43,"column":0},"end":{"line":43,"column":6}},"43":{"start":{"line":44,"column":0},"end":{"line":44,"column":31}},"44":{"start":{"line":45,"column":0},"end":{"line":45,"column":80}},"45":{"start":{"line":46,"column":0},"end":{"line":46,"column":12}},"46":{"start":{"line":47,"column":0},"end":{"line":47,"column":47}},"47":{"start":{"line":48,"column":0},"end":{"line":48,"column":40}},"48":{"start":{"line":49,"column":0},"end":{"line":49,"column":74}},"49":{"start":{"line":50,"column":0},"end":{"line":50,"column":26}},"50":{"start":{"line":51,"column":0},"end":{"line":51,"column":14}},"51":{"start":{"line":52,"column":0},"end":{"line":52,"column":10}},"52":{"start":{"line":53,"column":0},"end":{"line":53,"column":5}},"53":{"start":{"line":54,"column":0},"end":{"line":54,"column":24}},"55":{"start":{"line":56,"column":0},"end":{"line":56,"column":32}},"56":{"start":{"line":57,"column":0},"end":{"line":57,"column":50}},"57":{"start":{"line":58,"column":0},"end":{"line":58,"column":32}},"58":{"start":{"line":59,"column":0},"end":{"line":59,"column":5}},"59":{"start":{"line":60,"column":0},"end":{"line":60,"column":1}}},"s":{"0":0,"1":0,"2":0,"3":0,"4":0,"5":0,"6":0,"7":0,"8":0,"9":0,"11":0,"12":0,"13":0,"14":0,"15":0,"16":0,"17":0,"18":0,"19":0,"20":0,"21":0,"22":0,"23":0,"25":0,"26":0,"27":0,"28":0,"29":0,"30":0,"31":0,"33":0,"34":0,"35":0,"36":0,"37":0,"38":0,"39":0,"40":0,"41":0,"42":0,"43":0,"44":0,"45":0,"46":0,"47":0,"48":0,"49":0,"50":0,"51":0,"52":0,"53":0,"55":0,"56":0,"57":0,"58":0,"59":0},"branchMap":{"0":{"type":"branch","line":1,"loc":{"start":{"line":1,"column":1914},"end":{"line":60,"column":1}},"locations":[{"start":{"line":1,"column":1914},"end":{"line":60,"column":1}}]}},"b":{"0":[0]},"fnMap":{"0":{"name":"(empty-report)","decl":{"start":{"line":1,"column":1914},"end":{"line":60,"column":1}},"loc":{"start":{"line":1,"column":1914},"end":{"line":60,"column":1}},"line":1}},"f":{"0":0}}
,"/Users/zphrs/Documents/programming/plexigraph/tauri-sandbox/tauri-app/frame-glue/src/index.ts": {"path":"/Users/zphrs/Documents/programming/plexigraph/tauri-sandbox/tauri-app/frame-glue/src/index.ts","all":true,"statementMap":{"0":{"start":{"line":1,"column":0},"end":{"line":1,"column":32}},"1":{"start":{"line":2,"column":0},"end":{"line":2,"column":26}},"2":{"start":{"line":3,"column":0},"end":{"line":3,"column":30}},"3":{"start":{"line":4,"column":0},"end":{"line":4,"column":27}},"4":{"start":{"line":5,"column":0},"end":{"line":5,"column":32}}},"s":{"0":0,"1":0,"2":0,"3":0,"4":0},"branchMap":{"0":{"type":"branch","line":1,"loc":{"start":{"line":1,"column":0},"end":{"line":5,"column":-60}},"locations":[{"start":{"line":1,"column":0},"end":{"line":5,"column":-60}}]}},"b":{"0":[0]},"fnMap":{"0":{"name":"(empty-report)","decl":{"start":{"line":1,"column":0},"end":{"line":5,"column":-60}},"loc":{"start":{"line":1,"column":0},"end":{"line":5,"column":-60}},"line":1}},"f":{"0":0}}
,"/Users/zphrs/Documents/programming/plexigraph/tauri-sandbox/tauri-app/frame-glue/src/localStorage.ts": {"path":"/Users/zphrs/Documents/programming/plexigraph/tauri-sandbox/tauri-app/frame-glue/src/localStorage.ts","all":true,"statementMap":{"0":{"start":{"line":1,"column":0},"end":{"line":1,"column":59}},"1":{"start":{"line":2,"column":0},"end":{"line":2,"column":31}},"2":{"start":{"line":3,"column":0},"end":{"line":3,"column":11}},"3":{"start":{"line":4,"column":0},"end":{"line":4,"column":13}},"4":{"start":{"line":5,"column":0},"end":{"line":5,"column":21}},"5":{"start":{"line":6,"column":0},"end":{"line":6,"column":71}},"6":{"start":{"line":7,"column":0},"end":{"line":7,"column":36}},"7":{"start":{"line":8,"column":0},"end":{"line":8,"column":56}},"8":{"start":{"line":9,"column":0},"end":{"line":9,"column":57}},"9":{"start":{"line":10,"column":0},"end":{"line":10,"column":40}},"10":{"start":{"line":11,"column":0},"end":{"line":11,"column":35}},"11":{"start":{"line":12,"column":0},"end":{"line":12,"column":61}},"12":{"start":{"line":13,"column":0},"end":{"line":13,"column":46}},"13":{"start":{"line":14,"column":0},"end":{"line":14,"column":43}},"14":{"start":{"line":15,"column":0},"end":{"line":15,"column":44}},"15":{"start":{"line":16,"column":0},"end":{"line":16,"column":72}},"16":{"start":{"line":17,"column":0},"end":{"line":17,"column":49}},"17":{"start":{"line":18,"column":0},"end":{"line":18,"column":61}},"18":{"start":{"line":19,"column":0},"end":{"line":19,"column":47}},"19":{"start":{"line":20,"column":0},"end":{"line":20,"column":62}},"21":{"start":{"line":22,"column":0},"end":{"line":22,"column":35}},"22":{"start":{"line":23,"column":0},"end":{"line":23,"column":29}},"23":{"start":{"line":24,"column":0},"end":{"line":24,"column":33}},"24":{"start":{"line":25,"column":0},"end":{"line":25,"column":36}},"25":{"start":{"line":26,"column":0},"end":{"line":26,"column":77}},"26":{"start":{"line":27,"column":0},"end":{"line":27,"column":21}},"27":{"start":{"line":28,"column":0},"end":{"line":28,"column":18}},"28":{"start":{"line":29,"column":0},"end":{"line":29,"column":28}},"29":{"start":{"line":30,"column":0},"end":{"line":30,"column":14}},"30":{"start":{"line":31,"column":0},"end":{"line":31,"column":51}},"31":{"start":{"line":32,"column":0},"end":{"line":32,"column":10}},"32":{"start":{"line":33,"column":0},"end":{"line":33,"column":30}},"33":{"start":{"line":34,"column":0},"end":{"line":34,"column":51}},"34":{"start":{"line":35,"column":0},"end":{"line":35,"column":29}},"35":{"start":{"line":36,"column":0},"end":{"line":36,"column":35}},"36":{"start":{"line":37,"column":0},"end":{"line":37,"column":48}},"37":{"start":{"line":38,"column":0},"end":{"line":38,"column":13}},"38":{"start":{"line":39,"column":0},"end":{"line":39,"column":40}},"39":{"start":{"line":40,"column":0},"end":{"line":40,"column":31}},"40":{"start":{"line":41,"column":0},"end":{"line":41,"column":60}},"41":{"start":{"line":42,"column":0},"end":{"line":42,"column":43}},"42":{"start":{"line":43,"column":0},"end":{"line":43,"column":42}},"43":{"start":{"line":44,"column":0},"end":{"line":44,"column":44}},"44":{"start":{"line":45,"column":0},"end":{"line":45,"column":32}},"45":{"start":{"line":46,"column":0},"end":{"line":46,"column":34}},"46":{"start":{"line":47,"column":0},"end":{"line":47,"column":26}},"47":{"start":{"line":48,"column":0},"end":{"line":48,"column":21}},"48":{"start":{"line":49,"column":0},"end":{"line":49,"column":31}},"49":{"start":{"line":50,"column":0},"end":{"line":50,"column":45}},"50":{"start":{"line":51,"column":0},"end":{"line":51,"column":42}},"51":{"start":{"line":52,"column":0},"end":{"line":52,"column":21}},"52":{"start":{"line":53,"column":0},"end":{"line":53,"column":34}},"53":{"start":{"line":54,"column":0},"end":{"line":54,"column":45}},"54":{"start":{"line":55,"column":0},"end":{"line":55,"column":42}},"55":{"start":{"line":56,"column":0},"end":{"line":56,"column":42}},"56":{"start":{"line":57,"column":0},"end":{"line":57,"column":47}},"57":{"start":{"line":58,"column":0},"end":{"line":58,"column":32}},"58":{"start":{"line":59,"column":0},"end":{"line":59,"column":26}},"59":{"start":{"line":60,"column":0},"end":{"line":60,"column":21}},"60":{"start":{"line":61,"column":0},"end":{"line":61,"column":27}},"61":{"start":{"line":62,"column":0},"end":{"line":62,"column":43}},"62":{"start":{"line":63,"column":0},"end":{"line":63,"column":56}},"63":{"start":{"line":64,"column":0},"end":{"line":64,"column":47}},"64":{"start":{"line":65,"column":0},"end":{"line":65,"column":39}},"65":{"start":{"line":66,"column":0},"end":{"line":66,"column":25}},"66":{"start":{"line":67,"column":0},"end":{"line":67,"column":38}},"67":{"start":{"line":68,"column":0},"end":{"line":68,"column":21}},"68":{"start":{"line":69,"column":0},"end":{"line":69,"column":30}},"69":{"start":{"line":70,"column":0},"end":{"line":70,"column":53}},"70":{"start":{"line":71,"column":0},"end":{"line":71,"column":13}},"71":{"start":{"line":72,"column":0},"end":{"line":72,"column":10}},"72":{"start":{"line":73,"column":0},"end":{"line":73,"column":39}},"73":{"start":{"line":74,"column":0},"end":{"line":74,"column":48}},"74":{"start":{"line":75,"column":0},"end":{"line":75,"column":16}},"75":{"start":{"line":76,"column":0},"end":{"line":76,"column":80}},"76":{"start":{"line":77,"column":0},"end":{"line":77,"column":38}},"77":{"start":{"line":78,"column":0},"end":{"line":78,"column":17}},"78":{"start":{"line":79,"column":0},"end":{"line":79,"column":15}},"79":{"start":{"line":80,"column":0},"end":{"line":80,"column":34}},"80":{"start":{"line":81,"column":0},"end":{"line":81,"column":36}},"81":{"start":{"line":82,"column":0},"end":{"line":82,"column":43}},"82":{"start":{"line":83,"column":0},"end":{"line":83,"column":36}},"83":{"start":{"line":84,"column":0},"end":{"line":84,"column":18}},"84":{"start":{"line":85,"column":0},"end":{"line":85,"column":13}},"85":{"start":{"line":86,"column":0},"end":{"line":86,"column":23}},"86":{"start":{"line":87,"column":0},"end":{"line":87,"column":10}},"87":{"start":{"line":88,"column":0},"end":{"line":88,"column":37}},"88":{"start":{"line":89,"column":0},"end":{"line":89,"column":59}},"89":{"start":{"line":90,"column":0},"end":{"line":90,"column":38}},"90":{"start":{"line":91,"column":0},"end":{"line":91,"column":17}},"91":{"start":{"line":92,"column":0},"end":{"line":92,"column":39}},"92":{"start":{"line":93,"column":0},"end":{"line":93,"column":24}},"93":{"start":{"line":94,"column":0},"end":{"line":94,"column":18}},"94":{"start":{"line":95,"column":0},"end":{"line":95,"column":20}},"95":{"start":{"line":96,"column":0},"end":{"line":96,"column":13}},"96":{"start":{"line":97,"column":0},"end":{"line":97,"column":22}},"97":{"start":{"line":98,"column":0},"end":{"line":98,"column":10}},"98":{"start":{"line":99,"column":0},"end":{"line":99,"column":6}},"99":{"start":{"line":100,"column":0},"end":{"line":100,"column":51}},"100":{"start":{"line":101,"column":0},"end":{"line":101,"column":18}},"101":{"start":{"line":102,"column":0},"end":{"line":102,"column":23}},"102":{"start":{"line":103,"column":0},"end":{"line":103,"column":6}},"103":{"start":{"line":104,"column":0},"end":{"line":104,"column":22}},"104":{"start":{"line":105,"column":0},"end":{"line":105,"column":28}},"105":{"start":{"line":106,"column":0},"end":{"line":106,"column":6}},"106":{"start":{"line":107,"column":0},"end":{"line":107,"column":1}},"108":{"start":{"line":109,"column":0},"end":{"line":109,"column":46}},"109":{"start":{"line":110,"column":0},"end":{"line":110,"column":18}},"110":{"start":{"line":111,"column":0},"end":{"line":111,"column":30}},"111":{"start":{"line":112,"column":0},"end":{"line":112,"column":3}},"112":{"start":{"line":113,"column":0},"end":{"line":113,"column":66}},"113":{"start":{"line":114,"column":0},"end":{"line":114,"column":31}},"114":{"start":{"line":115,"column":0},"end":{"line":115,"column":78}},"115":{"start":{"line":116,"column":0},"end":{"line":116,"column":12}},"116":{"start":{"line":117,"column":0},"end":{"line":117,"column":47}},"117":{"start":{"line":118,"column":0},"end":{"line":118,"column":72}},"118":{"start":{"line":119,"column":0},"end":{"line":119,"column":26}},"119":{"start":{"line":120,"column":0},"end":{"line":120,"column":14}},"120":{"start":{"line":121,"column":0},"end":{"line":121,"column":10}},"121":{"start":{"line":122,"column":0},"end":{"line":122,"column":5}},"122":{"start":{"line":123,"column":0},"end":{"line":123,"column":49}},"129":{"start":{"line":130,"column":0},"end":{"line":130,"column":21}},"130":{"start":{"line":131,"column":0},"end":{"line":131,"column":65}},"131":{"start":{"line":132,"column":0},"end":{"line":132,"column":58}},"132":{"start":{"line":133,"column":0},"end":{"line":133,"column":57}},"133":{"start":{"line":134,"column":0},"end":{"line":134,"column":43}},"134":{"start":{"line":135,"column":0},"end":{"line":135,"column":69}},"135":{"start":{"line":136,"column":0},"end":{"line":136,"column":59}},"136":{"start":{"line":137,"column":0},"end":{"line":137,"column":42}},"137":{"start":{"line":138,"column":0},"end":{"line":138,"column":30}},"138":{"start":{"line":139,"column":0},"end":{"line":139,"column":50}},"139":{"start":{"line":140,"column":0},"end":{"line":140,"column":26}},"140":{"start":{"line":141,"column":0},"end":{"line":141,"column":17}},"142":{"start":{"line":143,"column":0},"end":{"line":143,"column":73}},"143":{"start":{"line":144,"column":0},"end":{"line":144,"column":33}},"144":{"start":{"line":145,"column":0},"end":{"line":145,"column":13}},"145":{"start":{"line":146,"column":0},"end":{"line":146,"column":10}},"146":{"start":{"line":147,"column":0},"end":{"line":147,"column":63}},"147":{"start":{"line":148,"column":0},"end":{"line":148,"column":43}},"148":{"start":{"line":149,"column":0},"end":{"line":149,"column":39}},"149":{"start":{"line":150,"column":0},"end":{"line":150,"column":10}},"150":{"start":{"line":151,"column":0},"end":{"line":151,"column":57}},"151":{"start":{"line":152,"column":0},"end":{"line":152,"column":43}},"152":{"start":{"line":153,"column":0},"end":{"line":153,"column":10}},"153":{"start":{"line":154,"column":0},"end":{"line":154,"column":55}},"154":{"start":{"line":155,"column":0},"end":{"line":155,"column":36}},"155":{"start":{"line":156,"column":0},"end":{"line":156,"column":10}},"156":{"start":{"line":157,"column":0},"end":{"line":157,"column":6}},"157":{"start":{"line":158,"column":0},"end":{"line":158,"column":23}},"158":{"start":{"line":159,"column":0},"end":{"line":159,"column":55}},"159":{"start":{"line":160,"column":0},"end":{"line":160,"column":15}},"160":{"start":{"line":161,"column":0},"end":{"line":161,"column":6}},"161":{"start":{"line":162,"column":0},"end":{"line":162,"column":39}},"162":{"start":{"line":163,"column":0},"end":{"line":163,"column":78}},"163":{"start":{"line":164,"column":0},"end":{"line":164,"column":34}},"164":{"start":{"line":165,"column":0},"end":{"line":165,"column":27}},"165":{"start":{"line":166,"column":0},"end":{"line":166,"column":37}},"166":{"start":{"line":167,"column":0},"end":{"line":167,"column":82}},"167":{"start":{"line":168,"column":0},"end":{"line":168,"column":37}},"168":{"start":{"line":169,"column":0},"end":{"line":169,"column":17}},"169":{"start":{"line":170,"column":0},"end":{"line":170,"column":62}},"170":{"start":{"line":171,"column":0},"end":{"line":171,"column":21}},"171":{"start":{"line":172,"column":0},"end":{"line":172,"column":30}},"173":{"start":{"line":174,"column":0},"end":{"line":174,"column":40}},"174":{"start":{"line":175,"column":0},"end":{"line":175,"column":82}},"175":{"start":{"line":176,"column":0},"end":{"line":176,"column":17}},"176":{"start":{"line":177,"column":0},"end":{"line":177,"column":47}},"177":{"start":{"line":178,"column":0},"end":{"line":178,"column":21}},"178":{"start":{"line":179,"column":0},"end":{"line":179,"column":31}},"179":{"start":{"line":180,"column":0},"end":{"line":180,"column":21}},"180":{"start":{"line":181,"column":0},"end":{"line":181,"column":9}},"181":{"start":{"line":182,"column":0},"end":{"line":182,"column":5}},"182":{"start":{"line":183,"column":0},"end":{"line":183,"column":52}},"183":{"start":{"line":184,"column":0},"end":{"line":184,"column":38}},"184":{"start":{"line":185,"column":0},"end":{"line":185,"column":51}},"185":{"start":{"line":186,"column":0},"end":{"line":186,"column":32}},"187":{"start":{"line":188,"column":0},"end":{"line":188,"column":30}},"188":{"start":{"line":189,"column":0},"end":{"line":189,"column":26}},"189":{"start":{"line":190,"column":0},"end":{"line":190,"column":41}},"190":{"start":{"line":191,"column":0},"end":{"line":191,"column":41}},"191":{"start":{"line":192,"column":0},"end":{"line":192,"column":14}},"192":{"start":{"line":193,"column":0},"end":{"line":193,"column":18}},"193":{"start":{"line":194,"column":0},"end":{"line":194,"column":9}},"194":{"start":{"line":195,"column":0},"end":{"line":195,"column":58}},"195":{"start":{"line":196,"column":0},"end":{"line":196,"column":40}},"196":{"start":{"line":197,"column":0},"end":{"line":197,"column":32}},"197":{"start":{"line":198,"column":0},"end":{"line":198,"column":50}},"198":{"start":{"line":199,"column":0},"end":{"line":199,"column":26}},"199":{"start":{"line":200,"column":0},"end":{"line":200,"column":33}},"200":{"start":{"line":201,"column":0},"end":{"line":201,"column":16}},"201":{"start":{"line":202,"column":0},"end":{"line":202,"column":37}},"202":{"start":{"line":203,"column":0},"end":{"line":203,"column":37}},"203":{"start":{"line":204,"column":0},"end":{"line":204,"column":10}},"204":{"start":{"line":205,"column":0},"end":{"line":205,"column":6}},"205":{"start":{"line":206,"column":0},"end":{"line":206,"column":26}},"206":{"start":{"line":207,"column":0},"end":{"line":207,"column":1}}},"s":{"0":0,"1":0,"2":0,"3":0,"4":0,"5":0,"6":0,"7":0,"8":0,"9":0,"10":0,"11":0,"12":0,"13":0,"14":0,"15":0,"16":0,"17":0,"18":0,"19":0,"21":0,"22":0,"23":0,"24":0,"25":0,"26":0,"27":0,"28":0,"29":0,"30":0,"31":0,"32":0,"33":0,"34":0,"35":0,"36":0,"37":0,"38":0,"39":0,"40":0,"41":0,"42":0,"43":0,"44":0,"45":0,"46":0,"47":0,"48":0,"49":0,"50":0,"51":0,"52":0,"53":0,"54":0,"55":0,"56":0,"57":0,"58":0,"59":0,"60":0,"61":0,"62":0,"63":0,"64":0,"65":0,"66":0,"67":0,"68":0,"69":0,"70":0,"71":0,"72":0,"73":0,"74":0,"75":0,"76":0,"77":0,"78":0,"79":0,"80":0,"81":0,"82":0,"83":0,"84":0,"85":0,"86":0,"87":0,"88":0,"89":0,"90":0,"91":0,"92":0,"93":0,"94":0,"95":0,"96":0,"97":0,"98":0,"99":0,"100":0,"101":0,"102":0,"103":0,"104":0,"105":0,"106":0,"108":0,"109":0,"110":0,"111":0,"112":0,"113":0,"114":0,"115":0,"116":0,"117":0,"118":0,"119":0,"120":0,"121":0,"122":0,"129":0,"130":0,"131":0,"132":0,"133":0,"134":0,"135":0,"136":0,"137":0,"138":0,"139":0,"140":0,"142":0,"143":0,"144":0,"145":0,"146":0,"147":0,"148":0,"149":0,"150":0,"151":0,"152":0,"153":0,"154":0,"155":0,"156":0,"157":0,"158":0,"159":0,"160":0,"161":0,"162":0,"163":0,"164":0,"165":0,"166":0,"167":0,"168":0,"169":0,"170":0,"171":0,"173":0,"174":0,"175":0,"176":0,"177":0,"178":0,"179":0,"180":0,"181":0,"182":0,"183":0,"184":0,"185":0,"187":0,"188":0,"189":0,"190":0,"191":0,"192":0,"193":0,"194":0,"195":0,"196":0,"197":0,"198":0,"199":0,"200":0,"201":0,"202":0,"203":0,"204":0,"205":0,"206":0},"branchMap":{"0":{"type":"branch","line":1,"loc":{"start":{"line":1,"column":7184},"end":{"line":207,"column":1}},"locations":[{"start":{"line":1,"column":7184},"end":{"line":207,"column":1}}]}},"b":{"0":[0]},"fnMap":{"0":{"name":"(empty-report)","decl":{"start":{"line":1,"column":7184},"end":{"line":207,"column":1}},"loc":{"start":{"line":1,"column":7184},"end":{"line":207,"column":1}},"line":1}},"f":{"0":0}}
,"/Users/zphrs/Documents/programming/plexigraph/tauri-sandbox/tauri-app/frame-glue/src/overrideCookie.ts": {"path":"/Users/zphrs/Documents/programming/plexigraph/tauri-sandbox/tauri-app/frame-glue/src/overrideCookie.ts","all":true,"statementMap":{"0":{"start":{"line":1,"column":0},"end":{"line":1,"column":34}},"1":{"start":{"line":2,"column":0},"end":{"line":2,"column":18}},"2":{"start":{"line":3,"column":0},"end":{"line":3,"column":47}},"3":{"start":{"line":4,"column":0},"end":{"line":4,"column":15}},"4":{"start":{"line":5,"column":0},"end":{"line":5,"column":72}},"5":{"start":{"line":6,"column":0},"end":{"line":6,"column":10}},"6":{"start":{"line":7,"column":0},"end":{"line":7,"column":15}},"7":{"start":{"line":8,"column":0},"end":{"line":8,"column":21}},"8":{"start":{"line":9,"column":0},"end":{"line":9,"column":10}},"9":{"start":{"line":10,"column":0},"end":{"line":10,"column":6}},"10":{"start":{"line":11,"column":0},"end":{"line":11,"column":1}},"13":{"start":{"line":14,"column":0},"end":{"line":14,"column":58}},"14":{"start":{"line":15,"column":0},"end":{"line":15,"column":45}},"17":{"start":{"line":18,"column":0},"end":{"line":18,"column":52}},"19":{"start":{"line":20,"column":0},"end":{"line":20,"column":51}},"20":{"start":{"line":21,"column":0},"end":{"line":21,"column":79}},"21":{"start":{"line":22,"column":0},"end":{"line":22,"column":5}},"22":{"start":{"line":23,"column":0},"end":{"line":23,"column":1}},"25":{"start":{"line":26,"column":0},"end":{"line":26,"column":44}},"26":{"start":{"line":27,"column":0},"end":{"line":27,"column":58}},"27":{"start":{"line":28,"column":0},"end":{"line":28,"column":39}},"28":{"start":{"line":29,"column":0},"end":{"line":29,"column":18}},"30":{"start":{"line":31,"column":0},"end":{"line":31,"column":54}},"31":{"start":{"line":32,"column":0},"end":{"line":32,"column":55}},"33":{"start":{"line":34,"column":0},"end":{"line":34,"column":35}},"34":{"start":{"line":35,"column":0},"end":{"line":35,"column":46}},"35":{"start":{"line":36,"column":0},"end":{"line":36,"column":5}},"37":{"start":{"line":38,"column":0},"end":{"line":38,"column":33}},"38":{"start":{"line":39,"column":0},"end":{"line":39,"column":1}},"39":{"start":{"line":40,"column":0},"end":{"line":40,"column":38}},"40":{"start":{"line":41,"column":0},"end":{"line":41,"column":67}},"41":{"start":{"line":42,"column":0},"end":{"line":42,"column":35}},"42":{"start":{"line":43,"column":0},"end":{"line":43,"column":41}},"43":{"start":{"line":44,"column":0},"end":{"line":44,"column":33}},"44":{"start":{"line":45,"column":0},"end":{"line":45,"column":5}},"45":{"start":{"line":46,"column":0},"end":{"line":46,"column":38}},"46":{"start":{"line":47,"column":0},"end":{"line":47,"column":24}},"47":{"start":{"line":48,"column":0},"end":{"line":48,"column":71}},"48":{"start":{"line":49,"column":0},"end":{"line":49,"column":9}},"49":{"start":{"line":50,"column":0},"end":{"line":50,"column":5}},"50":{"start":{"line":51,"column":0},"end":{"line":51,"column":1}}},"s":{"0":0,"1":0,"2":0,"3":0,"4":0,"5":0,"6":0,"7":0,"8":0,"9":0,"10":0,"13":0,"14":0,"17":0,"19":0,"20":0,"21":0,"22":0,"25":0,"26":0,"27":0,"28":0,"30":0,"31":0,"33":0,"34":0,"35":0,"37":0,"38":0,"39":0,"40":0,"41":0,"42":0,"43":0,"44":0,"45":0,"46":0,"47":0,"48":0,"49":0,"50":0},"branchMap":{"0":{"type":"branch","line":1,"loc":{"start":{"line":1,"column":1476},"end":{"line":51,"column":1}},"locations":[{"start":{"line":1,"column":1476},"end":{"line":51,"column":1}}]}},"b":{"0":[0]},"fnMap":{"0":{"name":"(empty-report)","decl":{"start":{"line":1,"column":1476},"end":{"line":51,"column":1}},"loc":{"start":{"line":1,"column":1476},"end":{"line":51,"column":1}},"line":1}},"f":{"0":0}}
,"/Users/zphrs/Documents/programming/plexigraph/tauri-sandbox/tauri-app/frame-glue/src/proxiedEventTarget.ts": {"path":"/Users/zphrs/Documents/programming/plexigraph/tauri-sandbox/tauri-app/frame-glue/src/proxiedEventTarget.ts","all":true,"statementMap":{"8":{"start":{"line":9,"column":0},"end":{"line":9,"column":74}},"9":{"start":{"line":10,"column":0},"end":{"line":10,"column":28}},"12":{"start":{"line":13,"column":0},"end":{"line":13,"column":10}},"13":{"start":{"line":14,"column":0},"end":{"line":14,"column":26}},"14":{"start":{"line":15,"column":0},"end":{"line":15,"column":18}},"15":{"start":{"line":16,"column":0},"end":{"line":16,"column":9}},"16":{"start":{"line":17,"column":0},"end":{"line":17,"column":28}},"19":{"start":{"line":20,"column":0},"end":{"line":20,"column":14}},"20":{"start":{"line":21,"column":0},"end":{"line":21,"column":31}},"21":{"start":{"line":22,"column":0},"end":{"line":22,"column":50}},"22":{"start":{"line":23,"column":0},"end":{"line":23,"column":80}},"25":{"start":{"line":26,"column":0},"end":{"line":26,"column":39}},"26":{"start":{"line":27,"column":0},"end":{"line":27,"column":13}},"27":{"start":{"line":28,"column":0},"end":{"line":28,"column":10}},"28":{"start":{"line":29,"column":0},"end":{"line":29,"column":5}},"30":{"start":{"line":31,"column":0},"end":{"line":31,"column":71}},"31":{"start":{"line":32,"column":0},"end":{"line":32,"column":26}},"32":{"start":{"line":33,"column":0},"end":{"line":33,"column":30}},"33":{"start":{"line":34,"column":0},"end":{"line":34,"column":40}},"34":{"start":{"line":35,"column":0},"end":{"line":35,"column":25}},"35":{"start":{"line":36,"column":0},"end":{"line":36,"column":37}},"36":{"start":{"line":37,"column":0},"end":{"line":37,"column":36}},"37":{"start":{"line":38,"column":0},"end":{"line":38,"column":47}},"38":{"start":{"line":39,"column":0},"end":{"line":39,"column":53}},"39":{"start":{"line":40,"column":0},"end":{"line":40,"column":49}},"40":{"start":{"line":41,"column":0},"end":{"line":41,"column":22}},"41":{"start":{"line":42,"column":0},"end":{"line":42,"column":18}},"42":{"start":{"line":43,"column":0},"end":{"line":43,"column":42}},"43":{"start":{"line":44,"column":0},"end":{"line":44,"column":9}},"44":{"start":{"line":45,"column":0},"end":{"line":45,"column":66}},"45":{"start":{"line":46,"column":0},"end":{"line":46,"column":46}},"46":{"start":{"line":47,"column":0},"end":{"line":47,"column":43}},"47":{"start":{"line":48,"column":0},"end":{"line":48,"column":20}},"48":{"start":{"line":49,"column":0},"end":{"line":49,"column":31}},"49":{"start":{"line":50,"column":0},"end":{"line":50,"column":13}},"50":{"start":{"line":51,"column":0},"end":{"line":51,"column":40}},"51":{"start":{"line":52,"column":0},"end":{"line":52,"column":54}},"52":{"start":{"line":53,"column":0},"end":{"line":53,"column":13}},"53":{"start":{"line":54,"column":0},"end":{"line":54,"column":9}},"54":{"start":{"line":55,"column":0},"end":{"line":55,"column":20}},"55":{"start":{"line":56,"column":0},"end":{"line":56,"column":5}},"57":{"start":{"line":58,"column":0},"end":{"line":58,"column":28}},"58":{"start":{"line":59,"column":0},"end":{"line":59,"column":21}},"59":{"start":{"line":60,"column":0},"end":{"line":60,"column":51}},"60":{"start":{"line":61,"column":0},"end":{"line":61,"column":41}},"61":{"start":{"line":62,"column":0},"end":{"line":62,"column":7}},"62":{"start":{"line":63,"column":0},"end":{"line":63,"column":44}},"63":{"start":{"line":64,"column":0},"end":{"line":64,"column":39}},"64":{"start":{"line":65,"column":0},"end":{"line":65,"column":9}},"65":{"start":{"line":66,"column":0},"end":{"line":66,"column":44}},"66":{"start":{"line":67,"column":0},"end":{"line":67,"column":5}},"68":{"start":{"line":69,"column":0},"end":{"line":69,"column":33}},"69":{"start":{"line":70,"column":0},"end":{"line":70,"column":21}},"70":{"start":{"line":71,"column":0},"end":{"line":71,"column":51}},"71":{"start":{"line":72,"column":0},"end":{"line":72,"column":7}},"72":{"start":{"line":73,"column":0},"end":{"line":73,"column":38}},"73":{"start":{"line":74,"column":0},"end":{"line":74,"column":5}},"75":{"start":{"line":76,"column":0},"end":{"line":76,"column":12}},"76":{"start":{"line":77,"column":0},"end":{"line":77,"column":56}},"77":{"start":{"line":78,"column":0},"end":{"line":78,"column":41}},"78":{"start":{"line":79,"column":0},"end":{"line":79,"column":64}},"79":{"start":{"line":80,"column":0},"end":{"line":80,"column":46}},"80":{"start":{"line":81,"column":0},"end":{"line":81,"column":55}},"81":{"start":{"line":82,"column":0},"end":{"line":82,"column":20}},"82":{"start":{"line":83,"column":0},"end":{"line":83,"column":55}},"83":{"start":{"line":84,"column":0},"end":{"line":84,"column":13}},"84":{"start":{"line":85,"column":0},"end":{"line":85,"column":33}},"85":{"start":{"line":86,"column":0},"end":{"line":86,"column":64}},"86":{"start":{"line":87,"column":0},"end":{"line":87,"column":55}},"87":{"start":{"line":88,"column":0},"end":{"line":88,"column":18}},"88":{"start":{"line":89,"column":0},"end":{"line":89,"column":13}},"89":{"start":{"line":90,"column":0},"end":{"line":90,"column":10}},"90":{"start":{"line":91,"column":0},"end":{"line":91,"column":45}},"91":{"start":{"line":92,"column":0},"end":{"line":92,"column":40}},"92":{"start":{"line":93,"column":0},"end":{"line":93,"column":47}},"93":{"start":{"line":94,"column":0},"end":{"line":94,"column":10}},"94":{"start":{"line":95,"column":0},"end":{"line":95,"column":22}},"95":{"start":{"line":96,"column":0},"end":{"line":96,"column":5}},"96":{"start":{"line":97,"column":0},"end":{"line":97,"column":1}}},"s":{"8":0,"9":0,"12":0,"13":0,"14":0,"15":0,"16":0,"19":0,"20":0,"21":0,"22":0,"25":0,"26":0,"27":0,"28":0,"30":0,"31":0,"32":0,"33":0,"34":0,"35":0,"36":0,"37":0,"38":0,"39":0,"40":0,"41":0,"42":0,"43":0,"44":0,"45":0,"46":0,"47":0,"48":0,"49":0,"50":0,"51":0,"52":0,"53":0,"54":0,"55":0,"57":0,"58":0,"59":0,"60":0,"61":0,"62":0,"63":0,"64":0,"65":0,"66":0,"68":0,"69":0,"70":0,"71":0,"72":0,"73":0,"75":0,"76":0,"77":0,"78":0,"79":0,"80":0,"81":0,"82":0,"83":0,"84":0,"85":0,"86":0,"87":0,"88":0,"89":0,"90":0,"91":0,"92":0,"93":0,"94":0,"95":0,"96":0},"branchMap":{"0":{"type":"branch","line":1,"loc":{"start":{"line":1,"column":2999},"end":{"line":97,"column":1}},"locations":[{"start":{"line":1,"column":2999},"end":{"line":97,"column":1}}]}},"b":{"0":[1]},"fnMap":{"0":{"name":"(empty-report)","decl":{"start":{"line":1,"column":2999},"end":{"line":97,"column":1}},"loc":{"start":{"line":1,"column":2999},"end":{"line":97,"column":1}},"line":1}},"f":{"0":1}}
,"/Users/zphrs/Documents/programming/plexigraph/tauri-sandbox/tauri-app/frame-glue/src/rpcOverPorts.ts": {"path":"/Users/zphrs/Documents/programming/plexigraph/tauri-sandbox/tauri-app/frame-glue/src/rpcOverPorts.ts","all":false,"statementMap":{"0":{"start":{"line":26,"column":0},"end":{"line":26,"column":43}},"1":{"start":{"line":27,"column":0},"end":{"line":27,"column":19}},"2":{"start":{"line":28,"column":0},"end":{"line":28,"column":37}},"3":{"start":{"line":29,"column":0},"end":{"line":29,"column":3}},"4":{"start":{"line":30,"column":0},"end":{"line":30,"column":12}},"5":{"start":{"line":31,"column":0},"end":{"line":31,"column":15}},"6":{"start":{"line":32,"column":0},"end":{"line":32,"column":11}},"7":{"start":{"line":33,"column":0},"end":{"line":33,"column":5}},"8":{"start":{"line":34,"column":0},"end":{"line":34,"column":1}},"9":{"start":{"line":36,"column":0},"end":{"line":36,"column":68}},"10":{"start":{"line":37,"column":0},"end":{"line":37,"column":22}},"11":{"start":{"line":38,"column":0},"end":{"line":38,"column":24}},"12":{"start":{"line":39,"column":0},"end":{"line":39,"column":41}},"13":{"start":{"line":40,"column":0},"end":{"line":40,"column":3}},"14":{"start":{"line":41,"column":0},"end":{"line":41,"column":61}},"15":{"start":{"line":42,"column":0},"end":{"line":42,"column":1}},"16":{"start":{"line":44,"column":0},"end":{"line":44,"column":41}},"17":{"start":{"line":46,"column":0},"end":{"line":46,"column":25}},"18":{"start":{"line":47,"column":0},"end":{"line":47,"column":50}},"19":{"start":{"line":48,"column":0},"end":{"line":48,"column":22}},"20":{"start":{"line":49,"column":0},"end":{"line":49,"column":77}},"21":{"start":{"line":50,"column":0},"end":{"line":50,"column":9}},"22":{"start":{"line":51,"column":0},"end":{"line":51,"column":95}},"23":{"start":{"line":52,"column":0},"end":{"line":52,"column":5}},"24":{"start":{"line":53,"column":0},"end":{"line":53,"column":24}},"25":{"start":{"line":54,"column":0},"end":{"line":54,"column":1}},"26":{"start":{"line":56,"column":0},"end":{"line":56,"column":75}},"27":{"start":{"line":57,"column":0},"end":{"line":57,"column":22}},"28":{"start":{"line":58,"column":0},"end":{"line":58,"column":26}},"29":{"start":{"line":59,"column":0},"end":{"line":59,"column":14}},"30":{"start":{"line":65,"column":0},"end":{"line":65,"column":3}},"31":{"start":{"line":66,"column":0},"end":{"line":66,"column":64}},"32":{"start":{"line":67,"column":0},"end":{"line":67,"column":43}},"33":{"start":{"line":68,"column":0},"end":{"line":68,"column":18}},"34":{"start":{"line":69,"column":0},"end":{"line":69,"column":9}},"35":{"start":{"line":70,"column":0},"end":{"line":70,"column":18}},"36":{"start":{"line":75,"column":0},"end":{"line":75,"column":46}},"37":{"start":{"line":76,"column":0},"end":{"line":76,"column":41}},"38":{"start":{"line":77,"column":0},"end":{"line":77,"column":38}},"39":{"start":{"line":78,"column":0},"end":{"line":78,"column":27}},"40":{"start":{"line":79,"column":0},"end":{"line":79,"column":30}},"41":{"start":{"line":80,"column":0},"end":{"line":80,"column":40}},"42":{"start":{"line":81,"column":0},"end":{"line":81,"column":25}},"43":{"start":{"line":82,"column":0},"end":{"line":82,"column":31}},"44":{"start":{"line":83,"column":0},"end":{"line":83,"column":61}},"45":{"start":{"line":84,"column":0},"end":{"line":84,"column":23}},"46":{"start":{"line":85,"column":0},"end":{"line":85,"column":33}},"47":{"start":{"line":86,"column":0},"end":{"line":86,"column":69}},"48":{"start":{"line":87,"column":0},"end":{"line":87,"column":9}},"49":{"start":{"line":88,"column":0},"end":{"line":88,"column":5}},"50":{"start":{"line":89,"column":0},"end":{"line":89,"column":51}},"51":{"start":{"line":90,"column":0},"end":{"line":90,"column":16}},"52":{"start":{"line":91,"column":0},"end":{"line":91,"column":1}},"53":{"start":{"line":93,"column":0},"end":{"line":93,"column":58}},"54":{"start":{"line":94,"column":0},"end":{"line":94,"column":23}},"55":{"start":{"line":95,"column":0},"end":{"line":95,"column":19}},"56":{"start":{"line":96,"column":0},"end":{"line":96,"column":32}},"57":{"start":{"line":97,"column":0},"end":{"line":97,"column":12}},"58":{"start":{"line":98,"column":0},"end":{"line":98,"column":15}},"59":{"start":{"line":99,"column":0},"end":{"line":99,"column":15}},"60":{"start":{"line":100,"column":0},"end":{"line":100,"column":20}},"61":{"start":{"line":101,"column":0},"end":{"line":101,"column":5}},"62":{"start":{"line":102,"column":0},"end":{"line":102,"column":1}},"63":{"start":{"line":110,"column":0},"end":{"line":110,"column":70}},"64":{"start":{"line":111,"column":0},"end":{"line":111,"column":22}},"65":{"start":{"line":112,"column":0},"end":{"line":112,"column":23}},"66":{"start":{"line":113,"column":0},"end":{"line":113,"column":77}},"67":{"start":{"line":114,"column":0},"end":{"line":114,"column":40}},"68":{"start":{"line":116,"column":0},"end":{"line":116,"column":37}},"69":{"start":{"line":117,"column":0},"end":{"line":117,"column":37}},"70":{"start":{"line":118,"column":0},"end":{"line":118,"column":26}},"71":{"start":{"line":119,"column":0},"end":{"line":119,"column":29}},"72":{"start":{"line":120,"column":0},"end":{"line":120,"column":39}},"73":{"start":{"line":121,"column":0},"end":{"line":121,"column":34}},"74":{"start":{"line":122,"column":0},"end":{"line":122,"column":15}},"75":{"start":{"line":123,"column":0},"end":{"line":123,"column":62}},"76":{"start":{"line":124,"column":0},"end":{"line":124,"column":5}},"77":{"start":{"line":125,"column":0},"end":{"line":125,"column":58}},"78":{"start":{"line":126,"column":0},"end":{"line":126,"column":62}},"79":{"start":{"line":127,"column":0},"end":{"line":127,"column":43}},"80":{"start":{"line":128,"column":0},"end":{"line":128,"column":34}},"81":{"start":{"line":129,"column":0},"end":{"line":129,"column":66}},"82":{"start":{"line":130,"column":0},"end":{"line":130,"column":13}},"83":{"start":{"line":131,"column":0},"end":{"line":131,"column":9}},"84":{"start":{"line":132,"column":0},"end":{"line":132,"column":55}},"85":{"start":{"line":133,"column":0},"end":{"line":133,"column":20}},"86":{"start":{"line":134,"column":0},"end":{"line":134,"column":6}},"87":{"start":{"line":135,"column":0},"end":{"line":135,"column":11}},"88":{"start":{"line":136,"column":0},"end":{"line":136,"column":13}},"89":{"start":{"line":137,"column":0},"end":{"line":137,"column":16}},"90":{"start":{"line":138,"column":0},"end":{"line":138,"column":71}},"91":{"start":{"line":139,"column":0},"end":{"line":139,"column":5}},"92":{"start":{"line":140,"column":0},"end":{"line":140,"column":14}},"93":{"start":{"line":141,"column":0},"end":{"line":141,"column":1}}},"s":{"0":2,"1":24637,"2":24637,"3":24637,"4":24637,"5":24637,"6":24637,"7":24637,"8":24637,"9":2,"10":24637,"11":24637,"12":24637,"13":24637,"14":24637,"15":24637,"16":2,"17":2,"18":24637,"19":0,"20":0,"21":0,"22":0,"23":0,"24":24637,"25":24637,"26":2,"27":1078,"28":1078,"29":1078,"30":1078,"31":1078,"32":172459,"33":147822,"34":147822,"35":24637,"36":24637,"37":24637,"38":24637,"39":11785,"40":7724,"41":0,"42":172459,"43":172459,"44":172459,"45":172459,"46":172459,"47":172459,"48":172459,"49":172459,"50":1078,"51":1078,"52":1078,"53":24637,"54":24637,"55":24637,"56":24637,"57":24637,"58":24637,"59":24637,"60":24637,"61":24637,"62":24637,"63":24637,"64":24637,"65":24637,"66":24637,"67":24637,"68":24637,"69":24637,"70":23709,"71":23709,"72":2975,"73":24637,"74":24637,"75":24637,"76":24637,"77":24637,"78":24637,"79":29538,"80":24637,"81":24637,"82":24637,"83":29538,"84":24637,"85":24637,"86":24637,"87":24637,"88":24637,"89":24637,"90":24637,"91":24637,"92":24637,"93":24637},"branchMap":{"0":{"type":"branch","line":26,"loc":{"start":{"line":26,"column":7},"end":{"line":34,"column":1}},"locations":[{"start":{"line":26,"column":7},"end":{"line":34,"column":1}}]},"1":{"type":"branch","line":36,"loc":{"start":{"line":36,"column":7},"end":{"line":42,"column":1}},"locations":[{"start":{"line":36,"column":7},"end":{"line":42,"column":1}}]},"2":{"type":"branch","line":41,"loc":{"start":{"line":41,"column":35},"end":{"line":41,"column":60}},"locations":[{"start":{"line":41,"column":35},"end":{"line":41,"column":60}}]},"3":{"type":"branch","line":46,"loc":{"start":{"line":46,"column":7},"end":{"line":54,"column":1}},"locations":[{"start":{"line":46,"column":7},"end":{"line":54,"column":1}}]},"4":{"type":"branch","line":47,"loc":{"start":{"line":47,"column":49},"end":{"line":52,"column":5}},"locations":[{"start":{"line":47,"column":49},"end":{"line":52,"column":5}}]},"5":{"type":"branch","line":56,"loc":{"start":{"line":56,"column":7},"end":{"line":91,"column":1}},"locations":[{"start":{"line":56,"column":7},"end":{"line":91,"column":1}}]},"6":{"type":"branch","line":66,"loc":{"start":{"line":66,"column":26},"end":{"line":88,"column":5}},"locations":[{"start":{"line":66,"column":26},"end":{"line":88,"column":5}}]},"7":{"type":"branch","line":67,"loc":{"start":{"line":67,"column":42},"end":{"line":69,"column":9}},"locations":[{"start":{"line":67,"column":42},"end":{"line":69,"column":9}}]},"8":{"type":"branch","line":69,"loc":{"start":{"line":69,"column":8},"end":{"line":78,"column":27}},"locations":[{"start":{"line":69,"column":8},"end":{"line":78,"column":27}}]},"9":{"type":"branch","line":69,"loc":{"start":{"line":69,"column":8},"end":{"line":77,"column":38}},"locations":[{"start":{"line":69,"column":8},"end":{"line":77,"column":38}}]},"10":{"type":"branch","line":77,"loc":{"start":{"line":77,"column":27},"end":{"line":78,"column":27}},"locations":[{"start":{"line":77,"column":27},"end":{"line":78,"column":27}}]},"11":{"type":"branch","line":78,"loc":{"start":{"line":78,"column":20},"end":{"line":79,"column":30}},"locations":[{"start":{"line":78,"column":20},"end":{"line":79,"column":30}}]},"12":{"type":"branch","line":79,"loc":{"start":{"line":79,"column":24},"end":{"line":80,"column":40}},"locations":[{"start":{"line":79,"column":24},"end":{"line":80,"column":40}}]},"13":{"type":"branch","line":83,"loc":{"start":{"line":83,"column":16},"end":{"line":83,"column":57}},"locations":[{"start":{"line":83,"column":16},"end":{"line":83,"column":57}}]},"14":{"type":"branch","line":83,"loc":{"start":{"line":83,"column":48},"end":{"line":83,"column":61}},"locations":[{"start":{"line":83,"column":48},"end":{"line":83,"column":61}}]},"15":{"type":"branch","line":86,"loc":{"start":{"line":86,"column":12},"end":{"line":86,"column":66}},"locations":[{"start":{"line":86,"column":12},"end":{"line":86,"column":66}}]},"16":{"type":"branch","line":86,"loc":{"start":{"line":86,"column":44},"end":{"line":86,"column":69}},"locations":[{"start":{"line":86,"column":44},"end":{"line":86,"column":69}}]},"17":{"type":"branch","line":93,"loc":{"start":{"line":93,"column":0},"end":{"line":102,"column":1}},"locations":[{"start":{"line":93,"column":0},"end":{"line":102,"column":1}}]},"18":{"type":"branch","line":110,"loc":{"start":{"line":110,"column":0},"end":{"line":141,"column":1}},"locations":[{"start":{"line":110,"column":0},"end":{"line":141,"column":1}}]},"19":{"type":"branch","line":117,"loc":{"start":{"line":117,"column":26},"end":{"line":118,"column":26}},"locations":[{"start":{"line":117,"column":26},"end":{"line":118,"column":26}}]},"20":{"type":"branch","line":118,"loc":{"start":{"line":118,"column":19},"end":{"line":119,"column":29}},"locations":[{"start":{"line":118,"column":19},"end":{"line":119,"column":29}}]},"21":{"type":"branch","line":119,"loc":{"start":{"line":119,"column":20},"end":{"line":120,"column":39}},"locations":[{"start":{"line":119,"column":20},"end":{"line":120,"column":39}}]},"22":{"type":"branch","line":123,"loc":{"start":{"line":123,"column":8},"end":{"line":123,"column":55}},"locations":[{"start":{"line":123,"column":8},"end":{"line":123,"column":55}}]},"23":{"type":"branch","line":123,"loc":{"start":{"line":123,"column":51},"end":{"line":123,"column":62}},"locations":[{"start":{"line":123,"column":51},"end":{"line":123,"column":62}}]},"24":{"type":"branch","line":138,"loc":{"start":{"line":138,"column":8},"end":{"line":138,"column":68}},"locations":[{"start":{"line":138,"column":8},"end":{"line":138,"column":68}}]},"25":{"type":"branch","line":138,"loc":{"start":{"line":138,"column":64},"end":{"line":138,"column":71}},"locations":[{"start":{"line":138,"column":64},"end":{"line":138,"column":71}}]},"26":{"type":"branch","line":125,"loc":{"start":{"line":125,"column":48},"end":{"line":134,"column":5}},"locations":[{"start":{"line":125,"column":48},"end":{"line":134,"column":5}}]},"27":{"type":"branch","line":126,"loc":{"start":{"line":126,"column":30},"end":{"line":131,"column":9}},"locations":[{"start":{"line":126,"column":30},"end":{"line":131,"column":9}}]},"28":{"type":"branch","line":127,"loc":{"start":{"line":127,"column":42},"end":{"line":130,"column":13}},"locations":[{"start":{"line":127,"column":42},"end":{"line":130,"column":13}}]}},"b":{"0":[24637],"1":[24637],"2":[0],"3":[24637],"4":[0],"5":[1078],"6":[172459],"7":[147822],"8":[166279],"9":[24637],"10":[11785],"11":[7724],"12":[0],"13":[0],"14":[24637],"15":[0],"16":[24637],"17":[24637],"18":[24637],"19":[23709],"20":[23709],"21":[2975],"22":[2975],"23":[21662],"24":[2975],"25":[21662],"26":[24637],"27":[29538],"28":[24637]},"fnMap":{"0":{"name":"responseFromResult","decl":{"start":{"line":26,"column":7},"end":{"line":34,"column":1}},"loc":{"start":{"line":26,"column":7},"end":{"line":34,"column":1}},"line":26},"1":{"name":"notify","decl":{"start":{"line":36,"column":7},"end":{"line":42,"column":1}},"loc":{"start":{"line":36,"column":7},"end":{"line":42,"column":1}},"line":36},"2":{"name":"getId","decl":{"start":{"line":46,"column":7},"end":{"line":54,"column":1}},"loc":{"start":{"line":46,"column":7},"end":{"line":54,"column":1}},"line":46},"3":{"name":"handleRequests","decl":{"start":{"line":56,"column":7},"end":{"line":91,"column":1}},"loc":{"start":{"line":56,"column":7},"end":{"line":91,"column":1}},"line":56},"4":{"name":"handleMessage","decl":{"start":{"line":66,"column":26},"end":{"line":88,"column":5}},"loc":{"start":{"line":66,"column":26},"end":{"line":88,"column":5}},"line":66},"5":{"name":"createRequest","decl":{"start":{"line":93,"column":0},"end":{"line":102,"column":1}},"loc":{"start":{"line":93,"column":0},"end":{"line":102,"column":1}},"line":93},"6":{"name":"call","decl":{"start":{"line":110,"column":0},"end":{"line":141,"column":1}},"loc":{"start":{"line":110,"column":0},"end":{"line":141,"column":1}},"line":110},"7":{"name":"handleMessage","decl":{"start":{"line":126,"column":30},"end":{"line":131,"column":9}},"loc":{"start":{"line":126,"column":30},"end":{"line":131,"column":9}},"line":126}},"f":{"0":24637,"1":24637,"2":24637,"3":1078,"4":172459,"5":24637,"6":24637,"7":29538}}
,"/Users/zphrs/Documents/programming/plexigraph/tauri-sandbox/tauri-app/frame-glue/src/vite-env.d.ts": {"path":"/Users/zphrs/Documents/programming/plexigraph/tauri-sandbox/tauri-app/frame-glue/src/vite-env.d.ts","all":true,"statementMap":{},"s":{},"branchMap":{"0":{"type":"branch","line":1,"loc":{"start":{"line":1,"column":37},"end":{"line":1,"column":37}},"locations":[{"start":{"line":1,"column":37},"end":{"line":1,"column":37}}]}},"b":{"0":[1]},"fnMap":{"0":{"name":"(empty-report)","decl":{"start":{"line":1,"column":37},"end":{"line":1,"column":37}},"loc":{"start":{"line":1,"column":37},"end":{"line":1,"column":37}},"line":1}},"f":{"0":1}}
,"/Users/zphrs/Documents/programming/plexigraph/tauri-sandbox/tauri-app/frame-glue/src/indexedDB/RWLock.ts": {"path":"/Users/zphrs/Documents/programming/plexigraph/tauri-sandbox/tauri-app/frame-glue/src/indexedDB/RWLock.ts","all":true,"statementMap":{"22":{"start":{"line":23,"column":0},"end":{"line":23,"column":51}},"23":{"start":{"line":24,"column":0},"end":{"line":24,"column":32}},"24":{"start":{"line":25,"column":0},"end":{"line":25,"column":1}},"26":{"start":{"line":27,"column":0},"end":{"line":27,"column":44}},"28":{"start":{"line":29,"column":0},"end":{"line":29,"column":66}},"29":{"start":{"line":30,"column":0},"end":{"line":30,"column":28}},"30":{"start":{"line":31,"column":0},"end":{"line":31,"column":42}},"31":{"start":{"line":32,"column":0},"end":{"line":32,"column":27}},"32":{"start":{"line":33,"column":0},"end":{"line":33,"column":32}},"33":{"start":{"line":34,"column":0},"end":{"line":34,"column":45}},"34":{"start":{"line":35,"column":0},"end":{"line":35,"column":31}},"35":{"start":{"line":36,"column":0},"end":{"line":36,"column":9}},"36":{"start":{"line":37,"column":0},"end":{"line":37,"column":43}},"37":{"start":{"line":38,"column":0},"end":{"line":38,"column":41}},"38":{"start":{"line":39,"column":0},"end":{"line":39,"column":9}},"39":{"start":{"line":40,"column":0},"end":{"line":40,"column":5}},"40":{"start":{"line":41,"column":0},"end":{"line":41,"column":66}},"41":{"start":{"line":42,"column":0},"end":{"line":42,"column":28}},"42":{"start":{"line":43,"column":0},"end":{"line":43,"column":49}},"43":{"start":{"line":44,"column":0},"end":{"line":44,"column":48}},"44":{"start":{"line":45,"column":0},"end":{"line":45,"column":21}},"45":{"start":{"line":46,"column":0},"end":{"line":46,"column":13}},"46":{"start":{"line":47,"column":0},"end":{"line":47,"column":34}},"47":{"start":{"line":48,"column":0},"end":{"line":48,"column":39}},"48":{"start":{"line":49,"column":0},"end":{"line":49,"column":44}},"49":{"start":{"line":50,"column":0},"end":{"line":50,"column":9}},"50":{"start":{"line":51,"column":0},"end":{"line":51,"column":43}},"51":{"start":{"line":52,"column":0},"end":{"line":52,"column":41}},"52":{"start":{"line":53,"column":0},"end":{"line":53,"column":9}},"53":{"start":{"line":54,"column":0},"end":{"line":54,"column":5}},"54":{"start":{"line":55,"column":0},"end":{"line":55,"column":1}},"56":{"start":{"line":57,"column":0},"end":{"line":57,"column":54}},"57":{"start":{"line":58,"column":0},"end":{"line":58,"column":28}},"58":{"start":{"line":59,"column":0},"end":{"line":59,"column":26}},"61":{"start":{"line":62,"column":0},"end":{"line":62,"column":13}},"62":{"start":{"line":63,"column":0},"end":{"line":63,"column":25}},"63":{"start":{"line":64,"column":0},"end":{"line":64,"column":28}},"64":{"start":{"line":65,"column":0},"end":{"line":65,"column":14}},"65":{"start":{"line":66,"column":0},"end":{"line":66,"column":32}},"68":{"start":{"line":69,"column":0},"end":{"line":69,"column":11}},"69":{"start":{"line":70,"column":0},"end":{"line":70,"column":30}},"70":{"start":{"line":71,"column":0},"end":{"line":71,"column":43}},"71":{"start":{"line":72,"column":0},"end":{"line":72,"column":50}},"72":{"start":{"line":73,"column":0},"end":{"line":73,"column":29}},"73":{"start":{"line":74,"column":0},"end":{"line":74,"column":14}},"74":{"start":{"line":75,"column":0},"end":{"line":75,"column":32}},"75":{"start":{"line":76,"column":0},"end":{"line":76,"column":29}},"76":{"start":{"line":77,"column":0},"end":{"line":77,"column":36}},"77":{"start":{"line":78,"column":0},"end":{"line":78,"column":30}},"78":{"start":{"line":79,"column":0},"end":{"line":79,"column":37}},"79":{"start":{"line":80,"column":0},"end":{"line":80,"column":39}},"80":{"start":{"line":81,"column":0},"end":{"line":81,"column":34}},"81":{"start":{"line":82,"column":0},"end":{"line":82,"column":33}},"82":{"start":{"line":83,"column":0},"end":{"line":83,"column":22}},"83":{"start":{"line":84,"column":0},"end":{"line":84,"column":17}},"84":{"start":{"line":85,"column":0},"end":{"line":85,"column":13}},"85":{"start":{"line":86,"column":0},"end":{"line":86,"column":35}},"86":{"start":{"line":87,"column":0},"end":{"line":87,"column":29}},"87":{"start":{"line":88,"column":0},"end":{"line":88,"column":40}},"88":{"start":{"line":89,"column":0},"end":{"line":89,"column":17}},"89":{"start":{"line":90,"column":0},"end":{"line":90,"column":30}},"90":{"start":{"line":91,"column":0},"end":{"line":91,"column":35}},"91":{"start":{"line":92,"column":0},"end":{"line":92,"column":13}},"92":{"start":{"line":93,"column":0},"end":{"line":93,"column":64}},"93":{"start":{"line":94,"column":0},"end":{"line":94,"column":31}},"94":{"start":{"line":95,"column":0},"end":{"line":95,"column":20}},"95":{"start":{"line":96,"column":0},"end":{"line":96,"column":24}},"96":{"start":{"line":97,"column":0},"end":{"line":97,"column":21}},"97":{"start":{"line":98,"column":0},"end":{"line":98,"column":13}},"98":{"start":{"line":99,"column":0},"end":{"line":99,"column":10}},"99":{"start":{"line":100,"column":0},"end":{"line":100,"column":33}},"102":{"start":{"line":103,"column":0},"end":{"line":103,"column":11}},"103":{"start":{"line":104,"column":0},"end":{"line":104,"column":30}},"104":{"start":{"line":105,"column":0},"end":{"line":105,"column":41}},"105":{"start":{"line":106,"column":0},"end":{"line":106,"column":65}},"106":{"start":{"line":107,"column":0},"end":{"line":107,"column":32}},"107":{"start":{"line":108,"column":0},"end":{"line":108,"column":29}},"108":{"start":{"line":109,"column":0},"end":{"line":109,"column":40}},"109":{"start":{"line":110,"column":0},"end":{"line":110,"column":35}},"110":{"start":{"line":111,"column":0},"end":{"line":111,"column":37}},"111":{"start":{"line":112,"column":0},"end":{"line":112,"column":39}},"112":{"start":{"line":113,"column":0},"end":{"line":113,"column":34}},"113":{"start":{"line":114,"column":0},"end":{"line":114,"column":33}},"114":{"start":{"line":115,"column":0},"end":{"line":115,"column":22}},"115":{"start":{"line":116,"column":0},"end":{"line":116,"column":17}},"116":{"start":{"line":117,"column":0},"end":{"line":117,"column":13}},"117":{"start":{"line":118,"column":0},"end":{"line":118,"column":35}},"118":{"start":{"line":119,"column":0},"end":{"line":119,"column":29}},"119":{"start":{"line":120,"column":0},"end":{"line":120,"column":45}},"120":{"start":{"line":121,"column":0},"end":{"line":121,"column":17}},"121":{"start":{"line":122,"column":0},"end":{"line":122,"column":35}},"122":{"start":{"line":123,"column":0},"end":{"line":123,"column":13}},"123":{"start":{"line":124,"column":0},"end":{"line":124,"column":64}},"124":{"start":{"line":125,"column":0},"end":{"line":125,"column":31}},"125":{"start":{"line":126,"column":0},"end":{"line":126,"column":20}},"126":{"start":{"line":127,"column":0},"end":{"line":127,"column":24}},"127":{"start":{"line":128,"column":0},"end":{"line":128,"column":21}},"128":{"start":{"line":129,"column":0},"end":{"line":129,"column":13}},"129":{"start":{"line":130,"column":0},"end":{"line":130,"column":10}},"130":{"start":{"line":131,"column":0},"end":{"line":131,"column":25}},"131":{"start":{"line":132,"column":0},"end":{"line":132,"column":14}},"132":{"start":{"line":133,"column":0},"end":{"line":133,"column":1}}},"s":{"22":0,"23":0,"24":0,"26":0,"28":0,"29":0,"30":0,"31":0,"32":0,"33":0,"34":0,"35":0,"36":0,"37":0,"38":0,"39":0,"40":0,"41":0,"42":0,"43":0,"44":0,"45":0,"46":0,"47":0,"48":0,"49":0,"50":0,"51":0,"52":0,"53":0,"54":0,"56":0,"57":0,"58":0,"61":0,"62":0,"63":0,"64":0,"65":0,"68":0,"69":0,"70":0,"71":0,"72":0,"73":0,"74":0,"75":0,"76":0,"77":0,"78":0,"79":0,"80":0,"81":0,"82":0,"83":0,"84":0,"85":0,"86":0,"87":0,"88":0,"89":0,"90":0,"91":0,"92":0,"93":0,"94":0,"95":0,"96":0,"97":0,"98":0,"99":0,"102":0,"103":0,"104":0,"105":0,"106":0,"107":0,"108":0,"109":0,"110":0,"111":0,"112":0,"113":0,"114":0,"115":0,"116":0,"117":0,"118":0,"119":0,"120":0,"121":0,"122":0,"123":0,"124":0,"125":0,"126":0,"127":0,"128":0,"129":0,"130":0,"131":0,"132":0},"branchMap":{"0":{"type":"branch","line":1,"loc":{"start":{"line":1,"column":4069},"end":{"line":133,"column":1}},"locations":[{"start":{"line":1,"column":4069},"end":{"line":133,"column":1}}]}},"b":{"0":[1]},"fnMap":{"0":{"name":"(empty-report)","decl":{"start":{"line":1,"column":4069},"end":{"line":133,"column":1}},"loc":{"start":{"line":1,"column":4069},"end":{"line":133,"column":1}},"line":1}},"f":{"0":1}}
,"/Users/zphrs/Documents/programming/plexigraph/tauri-sandbox/tauri-app/frame-glue/src/indexedDB/index.ts": {"path":"/Users/zphrs/Documents/programming/plexigraph/tauri-sandbox/tauri-app/frame-glue/src/indexedDB/index.ts","all":false,"statementMap":{"0":{"start":{"line":1,"column":0},"end":{"line":1,"column":59}},"1":{"start":{"line":2,"column":0},"end":{"line":2,"column":42}},"2":{"start":{"line":3,"column":0},"end":{"line":3,"column":50}},"3":{"start":{"line":5,"column":0},"end":{"line":5,"column":8}},"4":{"start":{"line":6,"column":0},"end":{"line":6,"column":27}},"5":{"start":{"line":7,"column":0},"end":{"line":7,"column":45}},"6":{"start":{"line":8,"column":0},"end":{"line":8,"column":31}},"7":{"start":{"line":9,"column":0},"end":{"line":9,"column":29}},"8":{"start":{"line":10,"column":0},"end":{"line":10,"column":25}},"9":{"start":{"line":11,"column":0},"end":{"line":11,"column":31}},"10":{"start":{"line":12,"column":0},"end":{"line":12,"column":37}},"11":{"start":{"line":13,"column":0},"end":{"line":13,"column":41}},"12":{"start":{"line":14,"column":0},"end":{"line":14,"column":29}},"13":{"start":{"line":15,"column":0},"end":{"line":15,"column":37}},"14":{"start":{"line":16,"column":0},"end":{"line":16,"column":51}},"15":{"start":{"line":17,"column":0},"end":{"line":17,"column":22}},"16":{"start":{"line":19,"column":0},"end":{"line":19,"column":43}},"17":{"start":{"line":20,"column":0},"end":{"line":20,"column":50}},"18":{"start":{"line":21,"column":0},"end":{"line":21,"column":61}},"19":{"start":{"line":22,"column":0},"end":{"line":22,"column":26}},"20":{"start":{"line":23,"column":0},"end":{"line":23,"column":30}},"21":{"start":{"line":24,"column":0},"end":{"line":24,"column":1}}},"s":{"0":2,"1":2,"2":2,"3":2,"4":2,"5":2,"6":2,"7":2,"8":2,"9":2,"10":2,"11":2,"12":2,"13":2,"14":2,"15":2,"16":0,"17":0,"18":0,"19":0,"20":0,"21":0},"branchMap":{},"b":{},"fnMap":{"0":{"name":"overrideIndexedDB","decl":{"start":{"line":19,"column":0},"end":{"line":24,"column":1}},"loc":{"start":{"line":19,"column":0},"end":{"line":24,"column":1}},"line":19}},"f":{"0":0}}
,"/Users/zphrs/Documents/programming/plexigraph/tauri-sandbox/tauri-app/frame-glue/src/indexedDB/exceptions/index.ts": {"path":"/Users/zphrs/Documents/programming/plexigraph/tauri-sandbox/tauri-app/frame-glue/src/indexedDB/exceptions/index.ts","all":true,"statementMap":{"0":{"start":{"line":1,"column":0},"end":{"line":1,"column":34}},"1":{"start":{"line":2,"column":0},"end":{"line":2,"column":36}},"2":{"start":{"line":3,"column":0},"end":{"line":3,"column":15}},"3":{"start":{"line":4,"column":0},"end":{"line":4,"column":97}},"4":{"start":{"line":5,"column":0},"end":{"line":5,"column":14}},"5":{"start":{"line":6,"column":0},"end":{"line":6,"column":98}},"6":{"start":{"line":7,"column":0},"end":{"line":7,"column":70}},"7":{"start":{"line":8,"column":0},"end":{"line":8,"column":55}},"8":{"start":{"line":9,"column":0},"end":{"line":9,"column":70}},"9":{"start":{"line":10,"column":0},"end":{"line":10,"column":13}},"10":{"start":{"line":11,"column":0},"end":{"line":11,"column":89}},"11":{"start":{"line":12,"column":0},"end":{"line":12,"column":16}},"12":{"start":{"line":13,"column":0},"end":{"line":13,"column":111}},"13":{"start":{"line":14,"column":0},"end":{"line":14,"column":18}},"14":{"start":{"line":15,"column":0},"end":{"line":15,"column":176}},"15":{"start":{"line":16,"column":0},"end":{"line":16,"column":65}},"16":{"start":{"line":17,"column":0},"end":{"line":17,"column":13}},"17":{"start":{"line":18,"column":0},"end":{"line":18,"column":75}},"18":{"start":{"line":19,"column":0},"end":{"line":19,"column":24}},"19":{"start":{"line":20,"column":0},"end":{"line":20,"column":106}},"20":{"start":{"line":21,"column":0},"end":{"line":21,"column":12}},"21":{"start":{"line":22,"column":0},"end":{"line":22,"column":121}},"22":{"start":{"line":23,"column":0},"end":{"line":23,"column":12}},"23":{"start":{"line":24,"column":0},"end":{"line":24,"column":98}},"24":{"start":{"line":25,"column":0},"end":{"line":25,"column":1}},"26":{"start":{"line":27,"column":0},"end":{"line":27,"column":67}},"27":{"start":{"line":28,"column":0},"end":{"line":28,"column":68}},"28":{"start":{"line":29,"column":0},"end":{"line":29,"column":1}}},"s":{"0":0,"1":0,"2":0,"3":0,"4":0,"5":0,"6":0,"7":0,"8":0,"9":0,"10":0,"11":0,"12":0,"13":0,"14":0,"15":0,"16":0,"17":0,"18":0,"19":0,"20":0,"21":0,"22":0,"23":0,"24":0,"26":0,"27":0,"28":0},"branchMap":{"0":{"type":"branch","line":1,"loc":{"start":{"line":1,"column":1603},"end":{"line":29,"column":1}},"locations":[{"start":{"line":1,"column":1603},"end":{"line":29,"column":1}}]}},"b":{"0":[0]},"fnMap":{"0":{"name":"(empty-report)","decl":{"start":{"line":1,"column":1603},"end":{"line":29,"column":1}},"loc":{"start":{"line":1,"column":1603},"end":{"line":29,"column":1}},"line":1}},"f":{"0":0}}
,"/Users/zphrs/Documents/programming/plexigraph/tauri-sandbox/tauri-app/frame-glue/src/indexedDB/inMemoryIdb/FDBCursor.ts": {"path":"/Users/zphrs/Documents/programming/plexigraph/tauri-sandbox/tauri-app/frame-glue/src/indexedDB/inMemoryIdb/FDBCursor.ts","all":false,"statementMap":{"0":{"start":{"line":1,"column":0},"end":{"line":1,"column":8}},"1":{"start":{"line":2,"column":0},"end":{"line":2,"column":23}},"2":{"start":{"line":3,"column":0},"end":{"line":3,"column":13}},"3":{"start":{"line":4,"column":0},"end":{"line":4,"column":16}},"4":{"start":{"line":5,"column":0},"end":{"line":5,"column":19}},"5":{"start":{"line":6,"column":0},"end":{"line":6,"column":15}},"6":{"start":{"line":7,"column":0},"end":{"line":7,"column":10}},"7":{"start":{"line":8,"column":0},"end":{"line":8,"column":41}},"8":{"start":{"line":10,"column":0},"end":{"line":10,"column":59}},"9":{"start":{"line":12,"column":0},"end":{"line":12,"column":31}},"10":{"start":{"line":13,"column":0},"end":{"line":13,"column":8}},"11":{"start":{"line":14,"column":0},"end":{"line":14,"column":14}},"12":{"start":{"line":15,"column":0},"end":{"line":15,"column":23}},"13":{"start":{"line":16,"column":0},"end":{"line":16,"column":22}},"14":{"start":{"line":17,"column":0},"end":{"line":17,"column":18}},"15":{"start":{"line":18,"column":0},"end":{"line":18,"column":29}},"16":{"start":{"line":19,"column":0},"end":{"line":19,"column":21}},"17":{"start":{"line":20,"column":0},"end":{"line":20,"column":41}},"18":{"start":{"line":29,"column":0},"end":{"line":29,"column":41}},"19":{"start":{"line":31,"column":0},"end":{"line":31,"column":56}},"20":{"start":{"line":32,"column":0},"end":{"line":32,"column":50}},"21":{"start":{"line":33,"column":0},"end":{"line":33,"column":28}},"22":{"start":{"line":34,"column":0},"end":{"line":34,"column":5}},"23":{"start":{"line":35,"column":0},"end":{"line":35,"column":36}},"24":{"start":{"line":36,"column":0},"end":{"line":36,"column":1}},"25":{"start":{"line":42,"column":0},"end":{"line":42,"column":22}},"26":{"start":{"line":43,"column":0},"end":{"line":43,"column":49}},"27":{"start":{"line":45,"column":0},"end":{"line":45,"column":52}},"28":{"start":{"line":47,"column":0},"end":{"line":47,"column":52}},"29":{"start":{"line":48,"column":0},"end":{"line":48,"column":6}},"30":{"start":{"line":50,"column":0},"end":{"line":50,"column":24}},"31":{"start":{"line":51,"column":0},"end":{"line":51,"column":53}},"32":{"start":{"line":52,"column":0},"end":{"line":52,"column":42}},"33":{"start":{"line":53,"column":0},"end":{"line":53,"column":36}},"34":{"start":{"line":56,"column":0},"end":{"line":56,"column":37}},"35":{"start":{"line":57,"column":0},"end":{"line":57,"column":38}},"36":{"start":{"line":58,"column":0},"end":{"line":58,"column":20}},"37":{"start":{"line":59,"column":0},"end":{"line":59,"column":9}},"38":{"start":{"line":60,"column":0},"end":{"line":60,"column":66}},"39":{"start":{"line":61,"column":0},"end":{"line":61,"column":29}},"40":{"start":{"line":62,"column":0},"end":{"line":62,"column":9}},"41":{"start":{"line":63,"column":0},"end":{"line":63,"column":5}},"42":{"start":{"line":65,"column":0},"end":{"line":65,"column":37}},"43":{"start":{"line":66,"column":0},"end":{"line":66,"column":38}},"44":{"start":{"line":67,"column":0},"end":{"line":67,"column":20}},"45":{"start":{"line":68,"column":0},"end":{"line":68,"column":9}},"46":{"start":{"line":70,"column":0},"end":{"line":70,"column":65}},"47":{"start":{"line":71,"column":0},"end":{"line":71,"column":29}},"48":{"start":{"line":72,"column":0},"end":{"line":72,"column":9}},"49":{"start":{"line":73,"column":0},"end":{"line":73,"column":5}},"50":{"start":{"line":75,"column":0},"end":{"line":75,"column":53}},"51":{"start":{"line":76,"column":0},"end":{"line":76,"column":46}},"52":{"start":{"line":77,"column":0},"end":{"line":77,"column":5}},"53":{"start":{"line":78,"column":0},"end":{"line":78,"column":30}},"54":{"start":{"line":79,"column":0},"end":{"line":79,"column":44}},"55":{"start":{"line":80,"column":0},"end":{"line":80,"column":5}},"56":{"start":{"line":81,"column":0},"end":{"line":81,"column":30}},"57":{"start":{"line":82,"column":0},"end":{"line":82,"column":44}},"58":{"start":{"line":83,"column":0},"end":{"line":83,"column":5}},"59":{"start":{"line":84,"column":0},"end":{"line":84,"column":1}},"60":{"start":{"line":86,"column":0},"end":{"line":86,"column":43}},"61":{"start":{"line":89,"column":0},"end":{"line":89,"column":17}},"62":{"start":{"line":90,"column":0},"end":{"line":90,"column":43}},"63":{"start":{"line":92,"column":0},"end":{"line":92,"column":38}},"64":{"start":{"line":93,"column":0},"end":{"line":93,"column":31}},"65":{"start":{"line":94,"column":0},"end":{"line":94,"column":95}},"66":{"start":{"line":95,"column":0},"end":{"line":95,"column":69}},"67":{"start":{"line":97,"column":0},"end":{"line":97,"column":33}},"68":{"start":{"line":98,"column":0},"end":{"line":98,"column":42}},"69":{"start":{"line":99,"column":0},"end":{"line":99,"column":53}},"70":{"start":{"line":100,"column":0},"end":{"line":100,"column":52}},"71":{"start":{"line":101,"column":0},"end":{"line":101,"column":67}},"72":{"start":{"line":102,"column":0},"end":{"line":102,"column":60}},"73":{"start":{"line":104,"column":0},"end":{"line":104,"column":16}},"74":{"start":{"line":105,"column":0},"end":{"line":105,"column":29}},"75":{"start":{"line":106,"column":0},"end":{"line":106,"column":27}},"76":{"start":{"line":107,"column":0},"end":{"line":107,"column":47}},"77":{"start":{"line":108,"column":0},"end":{"line":108,"column":29}},"78":{"start":{"line":109,"column":0},"end":{"line":109,"column":7}},"79":{"start":{"line":110,"column":0},"end":{"line":110,"column":27}},"80":{"start":{"line":111,"column":0},"end":{"line":111,"column":29}},"81":{"start":{"line":112,"column":0},"end":{"line":112,"column":35}},"82":{"start":{"line":113,"column":0},"end":{"line":113,"column":31}},"83":{"start":{"line":114,"column":0},"end":{"line":114,"column":5}},"84":{"start":{"line":117,"column":0},"end":{"line":117,"column":18}},"85":{"start":{"line":118,"column":0},"end":{"line":118,"column":27}},"86":{"start":{"line":119,"column":0},"end":{"line":119,"column":5}},"87":{"start":{"line":120,"column":0},"end":{"line":120,"column":22}},"88":{"start":{"line":122,"column":0},"end":{"line":122,"column":5}},"89":{"start":{"line":124,"column":0},"end":{"line":124,"column":19}},"90":{"start":{"line":125,"column":0},"end":{"line":125,"column":28}},"91":{"start":{"line":126,"column":0},"end":{"line":126,"column":5}},"92":{"start":{"line":127,"column":0},"end":{"line":127,"column":23}},"93":{"start":{"line":129,"column":0},"end":{"line":129,"column":5}},"94":{"start":{"line":131,"column":0},"end":{"line":131,"column":21}},"95":{"start":{"line":132,"column":0},"end":{"line":132,"column":30}},"96":{"start":{"line":133,"column":0},"end":{"line":133,"column":5}},"97":{"start":{"line":134,"column":0},"end":{"line":134,"column":25}},"98":{"start":{"line":136,"column":0},"end":{"line":136,"column":5}},"99":{"start":{"line":138,"column":0},"end":{"line":138,"column":15}},"100":{"start":{"line":139,"column":0},"end":{"line":139,"column":24}},"101":{"start":{"line":140,"column":0},"end":{"line":140,"column":5}},"102":{"start":{"line":141,"column":0},"end":{"line":141,"column":19}},"103":{"start":{"line":143,"column":0},"end":{"line":143,"column":5}},"104":{"start":{"line":145,"column":0},"end":{"line":145,"column":22}},"105":{"start":{"line":146,"column":0},"end":{"line":146,"column":31}},"106":{"start":{"line":147,"column":0},"end":{"line":147,"column":5}},"107":{"start":{"line":148,"column":0},"end":{"line":148,"column":26}},"108":{"start":{"line":150,"column":0},"end":{"line":150,"column":5}},"109":{"start":{"line":153,"column":0},"end":{"line":153,"column":78}},"110":{"start":{"line":155,"column":0},"end":{"line":155,"column":73}},"111":{"start":{"line":157,"column":0},"end":{"line":157,"column":23}},"112":{"start":{"line":158,"column":0},"end":{"line":158,"column":49}},"113":{"start":{"line":159,"column":0},"end":{"line":159,"column":53}},"114":{"start":{"line":160,"column":0},"end":{"line":160,"column":47}},"115":{"start":{"line":161,"column":0},"end":{"line":161,"column":27}},"116":{"start":{"line":162,"column":0},"end":{"line":162,"column":43}},"117":{"start":{"line":163,"column":0},"end":{"line":163,"column":54}},"118":{"start":{"line":164,"column":0},"end":{"line":164,"column":45}},"119":{"start":{"line":165,"column":0},"end":{"line":165,"column":50}},"120":{"start":{"line":166,"column":0},"end":{"line":166,"column":63}},"121":{"start":{"line":167,"column":0},"end":{"line":167,"column":43}},"122":{"start":{"line":168,"column":0},"end":{"line":168,"column":54}},"123":{"start":{"line":169,"column":0},"end":{"line":169,"column":58}},"124":{"start":{"line":170,"column":0},"end":{"line":170,"column":42}},"125":{"start":{"line":171,"column":0},"end":{"line":171,"column":28}},"126":{"start":{"line":172,"column":0},"end":{"line":172,"column":66}},"127":{"start":{"line":173,"column":0},"end":{"line":173,"column":42}},"128":{"start":{"line":174,"column":0},"end":{"line":174,"column":21}},"129":{"start":{"line":175,"column":0},"end":{"line":175,"column":13}},"130":{"start":{"line":176,"column":0},"end":{"line":176,"column":33}},"131":{"start":{"line":177,"column":0},"end":{"line":177,"column":28}},"132":{"start":{"line":178,"column":0},"end":{"line":178,"column":61}},"133":{"start":{"line":179,"column":0},"end":{"line":179,"column":52}},"134":{"start":{"line":180,"column":0},"end":{"line":180,"column":13}},"135":{"start":{"line":181,"column":0},"end":{"line":181,"column":17}},"136":{"start":{"line":182,"column":0},"end":{"line":182,"column":23}},"137":{"start":{"line":183,"column":0},"end":{"line":183,"column":9}},"138":{"start":{"line":184,"column":0},"end":{"line":184,"column":12}},"139":{"start":{"line":185,"column":0},"end":{"line":185,"column":20}},"140":{"start":{"line":186,"column":0},"end":{"line":186,"column":37}},"141":{"start":{"line":187,"column":0},"end":{"line":187,"column":47}},"142":{"start":{"line":188,"column":0},"end":{"line":188,"column":11}},"143":{"start":{"line":189,"column":0},"end":{"line":189,"column":34}},"144":{"start":{"line":190,"column":0},"end":{"line":190,"column":9}},"145":{"start":{"line":191,"column":0},"end":{"line":191,"column":12}},"146":{"start":{"line":192,"column":0},"end":{"line":192,"column":20}},"147":{"start":{"line":193,"column":0},"end":{"line":193,"column":37}},"148":{"start":{"line":194,"column":0},"end":{"line":194,"column":47}},"149":{"start":{"line":195,"column":0},"end":{"line":195,"column":11}},"150":{"start":{"line":196,"column":0},"end":{"line":196,"column":34}},"151":{"start":{"line":197,"column":0},"end":{"line":197,"column":9}},"152":{"start":{"line":198,"column":0},"end":{"line":198,"column":12}},"153":{"start":{"line":199,"column":0},"end":{"line":199,"column":48}},"154":{"start":{"line":200,"column":0},"end":{"line":200,"column":20}},"155":{"start":{"line":201,"column":0},"end":{"line":201,"column":21}},"156":{"start":{"line":202,"column":0},"end":{"line":202,"column":32}},"157":{"start":{"line":203,"column":0},"end":{"line":203,"column":39}},"158":{"start":{"line":204,"column":0},"end":{"line":204,"column":50}},"159":{"start":{"line":205,"column":0},"end":{"line":205,"column":11}},"160":{"start":{"line":206,"column":0},"end":{"line":206,"column":16}},"161":{"start":{"line":207,"column":0},"end":{"line":207,"column":30}},"162":{"start":{"line":208,"column":0},"end":{"line":208,"column":30}},"163":{"start":{"line":209,"column":0},"end":{"line":209,"column":51}},"164":{"start":{"line":210,"column":0},"end":{"line":210,"column":15}},"165":{"start":{"line":211,"column":0},"end":{"line":211,"column":27}},"166":{"start":{"line":212,"column":0},"end":{"line":212,"column":13}},"167":{"start":{"line":213,"column":0},"end":{"line":213,"column":34}},"168":{"start":{"line":214,"column":0},"end":{"line":214,"column":9}},"169":{"start":{"line":215,"column":0},"end":{"line":215,"column":12}},"170":{"start":{"line":216,"column":0},"end":{"line":216,"column":48}},"171":{"start":{"line":217,"column":0},"end":{"line":217,"column":20}},"172":{"start":{"line":218,"column":0},"end":{"line":218,"column":22}},"173":{"start":{"line":219,"column":0},"end":{"line":219,"column":32}},"174":{"start":{"line":220,"column":0},"end":{"line":220,"column":39}},"175":{"start":{"line":221,"column":0},"end":{"line":221,"column":50}},"176":{"start":{"line":222,"column":0},"end":{"line":222,"column":11}},"177":{"start":{"line":223,"column":0},"end":{"line":223,"column":16}},"178":{"start":{"line":224,"column":0},"end":{"line":224,"column":30}},"179":{"start":{"line":225,"column":0},"end":{"line":225,"column":30}},"180":{"start":{"line":226,"column":0},"end":{"line":226,"column":51}},"181":{"start":{"line":227,"column":0},"end":{"line":227,"column":15}},"182":{"start":{"line":228,"column":0},"end":{"line":228,"column":27}},"183":{"start":{"line":229,"column":0},"end":{"line":229,"column":13}},"184":{"start":{"line":230,"column":0},"end":{"line":230,"column":34}},"185":{"start":{"line":231,"column":0},"end":{"line":231,"column":9}},"186":{"start":{"line":233,"column":0},"end":{"line":233,"column":3
[...]
},"end":{"line":275,"column":34}},"locations":[{"start":{"line":275,"column":18},"end":{"line":275,"column":34}}]}},"b":{"0":[264],"1":[3],"2":[261],"3":[31458624],"4":[261],"5":[114],"6":[0],"7":[16],"8":[98],"9":[10],"10":[22],"11":[88],"12":[53],"13":[35],"14":[0],"15":[68],"16":[106],"17":[70],"18":[245],"19":[0],"20":[49],"21":[160],"22":[196],"23":[20],"24":[44],"25":[176],"26":[106],"27":[70],"28":[0],"29":[17],"30":[24],"31":[10],"32":[7],"33":[10],"34":[17],"35":[13],"36":[7],"37":[10],"38":[24],"39":[17],"40":[10],"41":[14],"42":[3],"43":[7],"44":[0],"45":[0]},"fnMap":{"0":{"name":"largeValue","decl":{"start":{"line":11,"column":7},"end":{"line":30,"column":1}},"loc":{"start":{"line":11,"column":7},"end":{"line":30,"column":1}},"line":11},"1":{"name":"createValue","decl":{"start":{"line":58,"column":7},"end":{"line":101,"column":1}},"loc":{"start":{"line":58,"column":7},"end":{"line":101,"column":1}},"line":58},"2":{"name":"isBlob","decl":{"start":{"line":104,"column":0},"end":{"line":106,"column":1}},"loc":{"start":{"line":104,"column":0},"end":{"line":106,"column":1}},"line":104},"3":{"name":"isUint8Array","decl":{"start":{"line":109,"column":0},"end":{"line":111,"column":1}},"loc":{"start":{"line":109,"column":0},"end":{"line":111,"column":1}},"line":109},"4":{"name":"checkValue","decl":{"start":{"line":115,"column":0},"end":{"line":187,"column":1}},"loc":{"start":{"line":115,"column":0},"end":{"line":187,"column":1}},"line":115},"5":{"name":"cloningTestInternal","decl":{"start":{"line":193,"column":0},"end":{"line":253,"column":1}},"loc":{"start":{"line":193,"column":0},"end":{"line":253,"column":1}},"line":193},"6":{"name":"cloningTest","decl":{"start":{"line":256,"column":0},"end":{"line":265,"column":1}},"loc":{"start":{"line":256,"column":0},"end":{"line":265,"column":1}},"line":256},"7":{"name":"cloningTestWithKeyGenerator","decl":{"start":{"line":268,"column":0},"end":{"line":288,"column":1}},"loc":{"start":{"line":268,"column":0},"end":{"line":288,"column":1}},"line":268}},"f":{"0":264,"1":114,"2":106,"3":70,"4":245,"5":17,"6":3,"7":7}}
,"/Users/zphrs/Documents/programming/plexigraph/tauri-sandbox/tauri-app/frame-glue/src/indexedDB/w3c-vitest-tests/resources/vitest.d.ts": {"path":"/Users/zphrs/Documents/programming/plexigraph/tauri-sandbox/tauri-app/frame-glue/src/indexedDB/w3c-vitest-tests/resources/vitest.d.ts","all":true,"statementMap":{"0":{"start":{"line":1,"column":0},"end":{"line":1,"column":15}}},"s":{"0":0},"branchMap":{"0":{"type":"branch","line":1,"loc":{"start":{"line":1,"column":0},"end":{"line":9,"column":-153}},"locations":[{"start":{"line":1,"column":0},"end":{"line":9,"column":-153}}]}},"b":{"0":[0]},"fnMap":{"0":{"name":"(empty-report)","decl":{"start":{"line":1,"column":0},"end":{"line":9,"column":-153}},"loc":{"start":{"line":1,"column":0},"end":{"line":9,"column":-153}},"line":1}},"f":{"0":0}}
,"/Users/zphrs/Documents/programming/plexigraph/tauri-sandbox/tauri-app/frame-glue/src/sw-proxy/fetchConversions.ts": {"path":"/Users/zphrs/Documents/programming/plexigraph/tauri-sandbox/tauri-app/frame-glue/src/sw-proxy/fetchConversions.ts","all":true,"statementMap":{"0":{"start":{"line":1,"column":0},"end":{"line":1,"column":71}},"3":{"start":{"line":4,"column":0},"end":{"line":4,"column":41}},"4":{"start":{"line":5,"column":0},"end":{"line":5,"column":16}},"5":{"start":{"line":6,"column":0},"end":{"line":6,"column":54}},"6":{"start":{"line":7,"column":0},"end":{"line":7,"column":36}},"7":{"start":{"line":8,"column":0},"end":{"line":8,"column":26}},"8":{"start":{"line":9,"column":0},"end":{"line":9,"column":41}},"9":{"start":{"line":10,"column":0},"end":{"line":10,"column":12}},"10":{"start":{"line":11,"column":0},"end":{"line":11,"column":72}},"11":{"start":{"line":12,"column":0},"end":{"line":12,"column":29}},"13":{"start":{"line":14,"column":0},"end":{"line":14,"column":36}},"14":{"start":{"line":15,"column":0},"end":{"line":15,"column":5}},"15":{"start":{"line":16,"column":0},"end":{"line":16,"column":52}},"16":{"start":{"line":17,"column":0},"end":{"line":17,"column":1}},"18":{"start":{"line":19,"column":0},"end":{"line":19,"column":69}},"19":{"start":{"line":20,"column":0},"end":{"line":20,"column":12}},"20":{"start":{"line":21,"column":0},"end":{"line":21,"column":49}},"21":{"start":{"line":22,"column":0},"end":{"line":22,"column":27}},"22":{"start":{"line":23,"column":0},"end":{"line":23,"column":35}},"23":{"start":{"line":24,"column":0},"end":{"line":24,"column":5}},"24":{"start":{"line":25,"column":0},"end":{"line":25,"column":1}},"26":{"start":{"line":27,"column":0},"end":{"line":27,"column":43}},"27":{"start":{"line":28,"column":0},"end":{"line":28,"column":40}},"28":{"start":{"line":29,"column":0},"end":{"line":29,"column":3}},"29":{"start":{"line":30,"column":0},"end":{"line":30,"column":51}},"30":{"start":{"line":31,"column":0},"end":{"line":31,"column":44}},"31":{"start":{"line":32,"column":0},"end":{"line":32,"column":16}},"32":{"start":{"line":33,"column":0},"end":{"line":33,"column":32}},"33":{"start":{"line":34,"column":0},"end":{"line":34,"column":48}},"34":{"start":{"line":35,"column":0},"end":{"line":35,"column":50}},"35":{"start":{"line":36,"column":0},"end":{"line":36,"column":20}},"36":{"start":{"line":37,"column":0},"end":{"line":37,"column":1}},"40":{"start":{"line":41,"column":0},"end":{"line":41,"column":38}},"41":{"start":{"line":42,"column":0},"end":{"line":42,"column":21}},"42":{"start":{"line":43,"column":0},"end":{"line":43,"column":35}},"43":{"start":{"line":44,"column":0},"end":{"line":44,"column":51}},"44":{"start":{"line":45,"column":0},"end":{"line":45,"column":62}},"45":{"start":{"line":46,"column":0},"end":{"line":46,"column":20}},"46":{"start":{"line":47,"column":0},"end":{"line":47,"column":25}},"47":{"start":{"line":48,"column":0},"end":{"line":48,"column":16}},"48":{"start":{"line":49,"column":0},"end":{"line":49,"column":53}},"49":{"start":{"line":50,"column":0},"end":{"line":50,"column":26}},"50":{"start":{"line":51,"column":0},"end":{"line":51,"column":5}},"55":{"start":{"line":56,"column":0},"end":{"line":56,"column":29}},"56":{"start":{"line":57,"column":0},"end":{"line":57,"column":1}},"58":{"start":{"line":59,"column":0},"end":{"line":59,"column":61}},"59":{"start":{"line":60,"column":0},"end":{"line":60,"column":38}},"60":{"start":{"line":61,"column":0},"end":{"line":61,"column":61}},"61":{"start":{"line":62,"column":0},"end":{"line":62,"column":31}},"62":{"start":{"line":63,"column":0},"end":{"line":63,"column":5}},"63":{"start":{"line":64,"column":0},"end":{"line":64,"column":49}},"64":{"start":{"line":65,"column":0},"end":{"line":65,"column":1}}},"s":{"0":0,"3":0,"4":0,"5":0,"6":0,"7":0,"8":0,"9":0,"10":0,"11":0,"13":0,"14":0,"15":0,"16":0,"18":0,"19":0,"20":0,"21":0,"22":0,"23":0,"24":0,"26":0,"27":0,"28":0,"29":0,"30":0,"31":0,"32":0,"33":0,"34":0,"35":0,"36":0,"40":0,"41":0,"42":0,"43":0,"44":0,"45":0,"46":0,"47":0,"48":0,"49":0,"50":0,"55":0,"56":0,"58":0,"59":0,"60":0,"61":0,"62":0,"63":0,"64":0},"branchMap":{"0":{"type":"branch","line":1,"loc":{"start":{"line":1,"column":2051},"end":{"line":65,"column":1}},"locations":[{"start":{"line":1,"column":2051},"end":{"line":65,"column":1}}]}},"b":{"0":[0]},"fnMap":{"0":{"name":"(empty-report)","decl":{"start":{"line":1,"column":2051},"end":{"line":65,"column":1}},"loc":{"start":{"line":1,"column":2051},"end":{"line":65,"column":1}},"line":1}},"f":{"0":0}}
,"/Users/zphrs/Documents/programming/plexigraph/tauri-sandbox/tauri-app/frame-glue/src/sw-proxy/fetchEventPolyfill.ts": {"path":"/Users/zphrs/Documents/programming/plexigraph/tauri-sandbox/tauri-app/frame-glue/src/sw-proxy/fetchEventPolyfill.ts","all":true,"statementMap":{"4":{"start":{"line":5,"column":0},"end":{"line":5,"column":39}},"5":{"start":{"line":6,"column":0},"end":{"line":6,"column":32}},"6":{"start":{"line":7,"column":0},"end":{"line":7,"column":41}},"7":{"start":{"line":8,"column":0},"end":{"line":8,"column":20}},"8":{"start":{"line":9,"column":0},"end":{"line":9,"column":26}},"10":{"start":{"line":11,"column":0},"end":{"line":11,"column":20}},"11":{"start":{"line":12,"column":0},"end":{"line":12,"column":70}},"13":{"start":{"line":14,"column":0},"end":{"line":14,"column":60}},"14":{"start":{"line":15,"column":0},"end":{"line":15,"column":36}},"15":{"start":{"line":16,"column":0},"end":{"line":16,"column":5}},"17":{"start":{"line":18,"column":0},"end":{"line":18,"column":23}},"21":{"start":{"line":22,"column":0},"end":{"line":22,"column":22}},"22":{"start":{"line":23,"column":0},"end":{"line":23,"column":51}},"24":{"start":{"line":25,"column":0},"end":{"line":25,"column":77}},"26":{"start":{"line":27,"column":0},"end":{"line":27,"column":45}},"27":{"start":{"line":28,"column":0},"end":{"line":28,"column":9}},"28":{"start":{"line":29,"column":0},"end":{"line":29,"column":5}},"30":{"start":{"line":31,"column":0},"end":{"line":31,"column":27}},"31":{"start":{"line":32,"column":0},"end":{"line":32,"column":51}},"32":{"start":{"line":33,"column":0},"end":{"line":33,"column":5}},"35":{"start":{"line":36,"column":0},"end":{"line":36,"column":37}},"36":{"start":{"line":37,"column":0},"end":{"line":37,"column":73}},"37":{"start":{"line":38,"column":0},"end":{"line":38,"column":14}},"38":{"start":{"line":39,"column":0},"end":{"line":39,"column":5}},"40":{"start":{"line":41,"column":0},"end":{"line":41,"column":16}},"41":{"start":{"line":42,"column":0},"end":{"line":42,"column":22}},"42":{"start":{"line":43,"column":0},"end":{"line":43,"column":74}},"43":{"start":{"line":44,"column":0},"end":{"line":44,"column":7}},"44":{"start":{"line":45,"column":0},"end":{"line":45,"column":60}},"45":{"start":{"line":46,"column":0},"end":{"line":46,"column":30}},"46":{"start":{"line":47,"column":0},"end":{"line":47,"column":66}},"47":{"start":{"line":48,"column":0},"end":{"line":48,"column":50}},"48":{"start":{"line":49,"column":0},"end":{"line":49,"column":22}},"49":{"start":{"line":50,"column":0},"end":{"line":50,"column":22}},"50":{"start":{"line":51,"column":0},"end":{"line":51,"column":34}},"51":{"start":{"line":52,"column":0},"end":{"line":52,"column":31}},"52":{"start":{"line":53,"column":0},"end":{"line":53,"column":14}},"53":{"start":{"line":54,"column":0},"end":{"line":54,"column":5}},"55":{"start":{"line":56,"column":0},"end":{"line":56,"column":40}},"56":{"start":{"line":57,"column":0},"end":{"line":57,"column":22}},"57":{"start":{"line":58,"column":0},"end":{"line":58,"column":23}},"58":{"start":{"line":59,"column":0},"end":{"line":59,"column":10}},"59":{"start":{"line":60,"column":0},"end":{"line":60,"column":5}},"61":{"start":{"line":62,"column":0},"end":{"line":62,"column":28}},"62":{"start":{"line":63,"column":0},"end":{"line":63,"column":27}},"63":{"start":{"line":64,"column":0},"end":{"line":64,"column":5}},"64":{"start":{"line":65,"column":0},"end":{"line":65,"column":1}}},"s":{"4":0,"5":0,"6":0,"7":0,"8":0,"10":0,"11":0,"13":0,"14":0,"15":0,"17":0,"21":0,"22":0,"24":0,"26":0,"27":0,"28":0,"30":0,"31":0,"32":0,"35":0,"36":0,"37":0,"38":0,"40":0,"41":0,"42":0,"43":0,"44":0,"45":0,"46":0,"47":0,"48":0,"49":0,"50":0,"51":0,"52":0,"53":0,"55":0,"56":0,"57":0,"58":0,"59":0,"61":0,"62":0,"63":0,"64":0},"branchMap":{"0":{"type":"branch","line":1,"loc":{"start":{"line":1,"column":2081},"end":{"line":65,"column":1}},"locations":[{"start":{"line":1,"column":2081},"end":{"line":65,"column":1}}]}},"b":{"0":[1]},"fnMap":{"0":{"name":"(empty-report)","decl":{"start":{"line":1,"column":2081},"end":{"line":65,"column":1}},"loc":{"start":{"line":1,"column":2081},"end":{"line":65,"column":1}},"line":1}},"f":{"0":1}}
,"/Users/zphrs/Documents/programming/plexigraph/tauri-sandbox/tauri-app/frame-glue/src/sw-proxy/index.ts": {"path":"/Users/zphrs/Documents/programming/plexigraph/tauri-sandbox/tauri-app/frame-glue/src/sw-proxy/index.ts","all":true,"statementMap":{"0":{"start":{"line":1,"column":0},"end":{"line":1,"column":36}}},"s":{"0":0},"branchMap":{"0":{"type":"branch","line":1,"loc":{"start":{"line":1,"column":0},"end":{"line":1,"column":36}},"locations":[{"start":{"line":1,"column":0},"end":{"line":1,"column":36}}]}},"b":{"0":[0]},"fnMap":{"0":{"name":"(empty-report)","decl":{"start":{"line":1,"column":0},"end":{"line":1,"column":36}},"loc":{"start":{"line":1,"column":0},"end":{"line":1,"column":36}},"line":1}},"f":{"0":0}}
,"/Users/zphrs/Documents/programming/plexigraph/tauri-sandbox/tauri-app/frame-glue/src/sw-proxy/sw-passthrough-api.ts": {"path":"/Users/zphrs/Documents/programming/plexigraph/tauri-sandbox/tauri-app/frame-glue/src/sw-proxy/sw-passthrough-api.ts","all":true,"statementMap":{"7":{"start":{"line":8,"column":0},"end":{"line":8,"column":8}},"39":{"start":{"line":40,"column":0},"end":{"line":40,"column":35}},"40":{"start":{"line":41,"column":0},"end":{"line":41,"column":22}},"41":{"start":{"line":42,"column":0},"end":{"line":42,"column":24}},"42":{"start":{"line":43,"column":0},"end":{"line":43,"column":18}},"43":{"start":{"line":44,"column":0},"end":{"line":44,"column":3}},"44":{"start":{"line":45,"column":0},"end":{"line":45,"column":42}},"45":{"start":{"line":46,"column":0},"end":{"line":46,"column":21}},"46":{"start":{"line":47,"column":0},"end":{"line":47,"column":9}},"47":{"start":{"line":48,"column":0},"end":{"line":48,"column":21}},"48":{"start":{"line":49,"column":0},"end":{"line":49,"column":23}},"49":{"start":{"line":50,"column":0},"end":{"line":50,"column":58}},"50":{"start":{"line":51,"column":0},"end":{"line":51,"column":14}},"51":{"start":{"line":52,"column":0},"end":{"line":52,"column":15}},"52":{"start":{"line":53,"column":0},"end":{"line":53,"column":36}},"53":{"start":{"line":54,"column":0},"end":{"line":54,"column":17}},"54":{"start":{"line":55,"column":0},"end":{"line":55,"column":5}},"55":{"start":{"line":56,"column":0},"end":{"line":56,"column":1}},"56":{"start":{"line":57,"column":0},"end":{"line":57,"column":38}},"57":{"start":{"line":58,"column":0},"end":{"line":58,"column":22}},"58":{"start":{"line":59,"column":0},"end":{"line":59,"column":15}},"59":{"start":{"line":60,"column":0},"end":{"line":60,"column":22}},"60":{"start":{"line":61,"column":0},"end":{"line":61,"column":44}},"61":{"start":{"line":62,"column":0},"end":{"line":62,"column":33}},"62":{"start":{"line":63,"column":0},"end":{"line":63,"column":30}},"63":{"start":{"line":64,"column":0},"end":{"line":64,"column":22}},"64":{"start":{"line":65,"column":0},"end":{"line":65,"column":58}},"65":{"start":{"line":66,"column":0},"end":{"line":66,"column":51}},"66":{"start":{"line":67,"column":0},"end":{"line":67,"column":39}},"67":{"start":{"line":68,"column":0},"end":{"line":68,"column":59}},"68":{"start":{"line":69,"column":0},"end":{"line":69,"column":41}},"69":{"start":{"line":70,"column":0},"end":{"line":70,"column":48}},"70":{"start":{"line":71,"column":0},"end":{"line":71,"column":54}},"71":{"start":{"line":72,"column":0},"end":{"line":72,"column":17}},"72":{"start":{"line":73,"column":0},"end":{"line":73,"column":24}},"73":{"start":{"line":74,"column":0},"end":{"line":74,"column":14}},"74":{"start":{"line":75,"column":0},"end":{"line":75,"column":42}},"75":{"start":{"line":76,"column":0},"end":{"line":76,"column":9}},"76":{"start":{"line":77,"column":0},"end":{"line":77,"column":20}},"77":{"start":{"line":78,"column":0},"end":{"line":78,"column":6}},"78":{"start":{"line":79,"column":0},"end":{"line":79,"column":1}},"89":{"start":{"line":90,"column":0},"end":{"line":90,"column":38}},"90":{"start":{"line":91,"column":0},"end":{"line":91,"column":22}},"91":{"start":{"line":92,"column":0},"end":{"line":92,"column":22}},"92":{"start":{"line":93,"column":0},"end":{"line":93,"column":22}},"93":{"start":{"line":94,"column":0},"end":{"line":94,"column":35}},"94":{"start":{"line":95,"column":0},"end":{"line":95,"column":45}},"95":{"start":{"line":96,"column":0},"end":{"line":96,"column":57}},"96":{"start":{"line":97,"column":0},"end":{"line":97,"column":21}},"97":{"start":{"line":98,"column":0},"end":{"line":98,"column":9}},"98":{"start":{"line":99,"column":0},"end":{"line":99,"column":21}},"99":{"start":{"line":100,"column":0},"end":{"line":100,"column":34}},"100":{"start":{"line":101,"column":0},"end":{"line":101,"column":41}},"101":{"start":{"line":102,"column":0},"end":{"line":102,"column":59}},"102":{"start":{"line":103,"column":0},"end":{"line":103,"column":14}},"103":{"start":{"line":104,"column":0},"end":{"line":104,"column":15}},"104":{"start":{"line":105,"column":0},"end":{"line":105,"column":40}},"105":{"start":{"line":106,"column":0},"end":{"line":106,"column":51}},"106":{"start":{"line":107,"column":0},"end":{"line":107,"column":5}},"107":{"start":{"line":108,"column":0},"end":{"line":108,"column":43}},"108":{"start":{"line":109,"column":0},"end":{"line":109,"column":1}},"110":{"start":{"line":111,"column":0},"end":{"line":111,"column":50}},"111":{"start":{"line":112,"column":0},"end":{"line":112,"column":22}},"112":{"start":{"line":113,"column":0},"end":{"line":113,"column":19}},"113":{"start":{"line":114,"column":0},"end":{"line":114,"column":6}},"114":{"start":{"line":115,"column":0},"end":{"line":115,"column":1}},"121":{"start":{"line":122,"column":0},"end":{"line":122,"column":46}},"122":{"start":{"line":123,"column":0},"end":{"line":123,"column":22}},"123":{"start":{"line":124,"column":0},"end":{"line":124,"column":41}},"124":{"start":{"line":125,"column":0},"end":{"line":125,"column":24}},"125":{"start":{"line":126,"column":0},"end":{"line":126,"column":44}},"126":{"start":{"line":127,"column":0},"end":{"line":127,"column":38}},"127":{"start":{"line":128,"column":0},"end":{"line":128,"column":30}},"128":{"start":{"line":129,"column":0},"end":{"line":129,"column":22}},"129":{"start":{"line":130,"column":0},"end":{"line":130,"column":56}},"130":{"start":{"line":131,"column":0},"end":{"line":131,"column":43}},"131":{"start":{"line":132,"column":0},"end":{"line":132,"column":25}},"132":{"start":{"line":133,"column":0},"end":{"line":133,"column":26}},"133":{"start":{"line":134,"column":0},"end":{"line":134,"column":17}},"134":{"start":{"line":135,"column":0},"end":{"line":135,"column":77}},"135":{"start":{"line":136,"column":0},"end":{"line":136,"column":55}},"136":{"start":{"line":137,"column":0},"end":{"line":137,"column":66}},"137":{"start":{"line":138,"column":0},"end":{"line":138,"column":17}},"138":{"start":{"line":139,"column":0},"end":{"line":139,"column":35}},"139":{"start":{"line":140,"column":0},"end":{"line":140,"column":14}},"140":{"start":{"line":141,"column":0},"end":{"line":141,"column":42}},"141":{"start":{"line":142,"column":0},"end":{"line":142,"column":9}},"142":{"start":{"line":143,"column":0},"end":{"line":143,"column":20}},"143":{"start":{"line":144,"column":0},"end":{"line":144,"column":6}},"144":{"start":{"line":145,"column":0},"end":{"line":145,"column":44}},"145":{"start":{"line":146,"column":0},"end":{"line":146,"column":1}}},"s":{"7":0,"39":0,"40":0,"41":0,"42":0,"43":0,"44":0,"45":0,"46":0,"47":0,"48":0,"49":0,"50":0,"51":0,"52":0,"53":0,"54":0,"55":0,"56":0,"57":0,"58":0,"59":0,"60":0,"61":0,"62":0,"63":0,"64":0,"65":0,"66":0,"67":0,"68":0,"69":0,"70":0,"71":0,"72":0,"73":0,"74":0,"75":0,"76":0,"77":0,"78":0,"89":0,"90":0,"91":0,"92":0,"93":0,"94":0,"95":0,"96":0,"97":0,"98":0,"99":0,"100":0,"101":0,"102":0,"103":0,"104":0,"105":0,"106":0,"107":0,"108":0,"110":0,"111":0,"112":0,"113":0,"114":0,"121":0,"122":0,"123":0,"124":0,"125":0,"126":0,"127":0,"128":0,"129":0,"130":0,"131":0,"132":0,"133":0,"134":0,"135":0,"136":0,"137":0,"138":0,"139":0,"140":0,"141":0,"142":0,"143":0,"144":0,"145":0},"branchMap":{"0":{"type":"branch","line":1,"loc":{"start":{"line":1,"column":3995},"end":{"line":146,"column":1}},"locations":[{"start":{"line":1,"column":3995},"end":{"line":146,"column":1}}]}},"b":{"0":[1]},"fnMap":{"0":{"name":"(empty-report)","decl":{"start":{"line":1,"column":3995},"end":{"line":146,"column":1}},"loc":{"start":{"line":1,"column":3995},"end":{"line":146,"column":1}},"line":1}},"f":{"0":1}}
}
